 Inflexible NPZD discrete model selected!
 Labelout(           1 ) = Temp
 Labelout(           2 ) = PAR
 Labelout(           3 ) = Aks
 Labelout(           4 ) = DFe
 Labelout(           5 ) = w
 Labelout(           6 ) = NO3
 Labelout(           7 ) = PHY1
 Labelout(           8 ) = PHY2
 Labelout(           9 ) = PHY3
 Labelout(          10 ) = PHY4
 Labelout(          11 ) = PHY5
 Labelout(          12 ) = PHY6
 Labelout(          13 ) = PHY7
 Labelout(          14 ) = PHY8
 Labelout(          15 ) = PHY9
 Labelout(          16 ) = PHY10
 Labelout(          17 ) = PHY11
 Labelout(          18 ) = PHY12
 Labelout(          19 ) = PHY13
 Labelout(          20 ) = PHY14
 Labelout(          21 ) = PHY15
 Labelout(          22 ) = PHY16
 Labelout(          23 ) = PHY17
 Labelout(          24 ) = PHY18
 Labelout(          25 ) = PHY19
 Labelout(          26 ) = PHY20
 Labelout(          27 ) = ZOO
 Labelout(          28 ) = DET
 Labelout(          29 ) = CHL1
 Labelout(          30 ) = CHL2
 Labelout(          31 ) = CHL3
 Labelout(          32 ) = CHL4
 Labelout(          33 ) = CHL5
 Labelout(          34 ) = CHL6
 Labelout(          35 ) = CHL7
 Labelout(          36 ) = CHL8
 Labelout(          37 ) = CHL9
 Labelout(          38 ) = CHL10
 Labelout(          39 ) = CHL11
 Labelout(          40 ) = CHL12
 Labelout(          41 ) = CHL13
 Labelout(          42 ) = CHL14
 Labelout(          43 ) = CHL15
 Labelout(          44 ) = CHL16
 Labelout(          45 ) = CHL17
 Labelout(          46 ) = CHL18
 Labelout(          47 ) = CHL19
 Labelout(          48 ) = CHL20
 Labelout(          49 ) = PHY_T
 Labelout(          50 ) = CHL_T
 Labelout(          51 ) = CHLs1
 Labelout(          52 ) = CHLs2
 Labelout(          53 ) = CHLs3
 Labelout(          54 ) = CHLs4
 Labelout(          55 ) = muN1
 Labelout(          56 ) = muN2
 Labelout(          57 ) = muN3
 Labelout(          58 ) = muN4
 Labelout(          59 ) = muN5
 Labelout(          60 ) = muN6
 Labelout(          61 ) = muN7
 Labelout(          62 ) = muN8
 Labelout(          63 ) = muN9
 Labelout(          64 ) = muN10
 Labelout(          65 ) = muN11
 Labelout(          66 ) = muN12
 Labelout(          67 ) = muN13
 Labelout(          68 ) = muN14
 Labelout(          69 ) = muN15
 Labelout(          70 ) = muN16
 Labelout(          71 ) = muN17
 Labelout(          72 ) = muN18
 Labelout(          73 ) = muN19
 Labelout(          74 ) = muN20
 Labelout(          75 ) = Gra1
 Labelout(          76 ) = Gra2
 Labelout(          77 ) = Gra3
 Labelout(          78 ) = Gra4
 Labelout(          79 ) = Gra5
 Labelout(          80 ) = Gra6
 Labelout(          81 ) = Gra7
 Labelout(          82 ) = Gra8
 Labelout(          83 ) = Gra9
 Labelout(          84 ) = Gra10
 Labelout(          85 ) = Gra11
 Labelout(          86 ) = Gra12
 Labelout(          87 ) = Gra13
 Labelout(          88 ) = Gra14
 Labelout(          89 ) = Gra15
 Labelout(          90 ) = Gra16
 Labelout(          91 ) = Gra17
 Labelout(          92 ) = Gra18
 Labelout(          93 ) = Gra19
 Labelout(          94 ) = Gra20
 Labelout(          95 ) = Lno1
 Labelout(          96 ) = Lno2
 Labelout(          97 ) = Lno3
 Labelout(          98 ) = Lno4
 Labelout(          99 ) = Lno5
 Labelout(         100 ) = Lno6
 Labelout(         101 ) = Lno7
 Labelout(         102 ) = Lno8
 Labelout(         103 ) = Lno9
 Labelout(         104 ) = Lno10
 Labelout(         105 ) = Lno11
 Labelout(         106 ) = Lno12
 Labelout(         107 ) = Lno13
 Labelout(         108 ) = Lno14
 Labelout(         109 ) = Lno15
 Labelout(         110 ) = Lno16
 Labelout(         111 ) = Lno17
 Labelout(         112 ) = Lno18
 Labelout(         113 ) = Lno19
 Labelout(         114 ) = Lno20
 Labelout(         115 ) = SI_1
 Labelout(         116 ) = SI_2
 Labelout(         117 ) = SI_3
 Labelout(         118 ) = SI_4
 Labelout(         119 ) = SI_5
 Labelout(         120 ) = SI_6
 Labelout(         121 ) = SI_7
 Labelout(         122 ) = SI_8
 Labelout(         123 ) = SI_9
 Labelout(         124 ) = SI_10
 Labelout(         125 ) = SI_11
 Labelout(         126 ) = SI_12
 Labelout(         127 ) = SI_13
 Labelout(         128 ) = SI_14
 Labelout(         129 ) = SI_15
 Labelout(         130 ) = SI_16
 Labelout(         131 ) = SI_17
 Labelout(         132 ) = SI_18
 Labelout(         133 ) = SI_19
 Labelout(         134 ) = SI_20
 Labelout(         135 ) = QN_1
 Labelout(         136 ) = QN_2
 Labelout(         137 ) = QN_3
 Labelout(         138 ) = QN_4
 Labelout(         139 ) = QN_5
 Labelout(         140 ) = QN_6
 Labelout(         141 ) = QN_7
 Labelout(         142 ) = QN_8
 Labelout(         143 ) = QN_9
 Labelout(         144 ) = QN_10
 Labelout(         145 ) = QN_11
 Labelout(         146 ) = QN_12
 Labelout(         147 ) = QN_13
 Labelout(         148 ) = QN_14
 Labelout(         149 ) = QN_15
 Labelout(         150 ) = QN_16
 Labelout(         151 ) = QN_17
 Labelout(         152 ) = QN_18
 Labelout(         153 ) = QN_19
 Labelout(         154 ) = QN_20
 Labelout(         155 ) = The1
 Labelout(         156 ) = The2
 Labelout(         157 ) = The3
 Labelout(         158 ) = The4
 Labelout(         159 ) = The5
 Labelout(         160 ) = The6
 Labelout(         161 ) = The7
 Labelout(         162 ) = The8
 Labelout(         163 ) = The9
 Labelout(         164 ) = The10
 Labelout(         165 ) = The11
 Labelout(         166 ) = The12
 Labelout(         167 ) = The13
 Labelout(         168 ) = The14
 Labelout(         169 ) = The15
 Labelout(         170 ) = The16
 Labelout(         171 ) = The17
 Labelout(         172 ) = The18
 Labelout(         173 ) = The19
 Labelout(         174 ) = The20
 Labelout(         175 ) = Z2N
 Labelout(         176 ) = D2N
 Labelout(         177 ) = NPP_T
 Labelout(         178 ) = D_NO3
 Labelout(         179 ) = D_P1
 Labelout(         180 ) = D_P2
 Labelout(         181 ) = D_P3
 Labelout(         182 ) = D_P4
 Labelout(         183 ) = D_P5
 Labelout(         184 ) = D_P6
 Labelout(         185 ) = D_P7
 Labelout(         186 ) = D_P8
 Labelout(         187 ) = D_P9
 Labelout(         188 ) = D_P10
 Labelout(         189 ) = D_P11
 Labelout(         190 ) = D_P12
 Labelout(         191 ) = D_P13
 Labelout(         192 ) = D_P14
 Labelout(         193 ) = D_P15
 Labelout(         194 ) = D_P16
 Labelout(         195 ) = D_P17
 Labelout(         196 ) = D_P18
 Labelout(         197 ) = D_P19
 Labelout(         198 ) = D_P20
 Labelout(         199 ) = D_ZOO
 Labelout(         200 ) = D_DET
14 parameters in total 
 ParamLabel(           1 ) = Ep
 ParamLabel(           2 ) = Ez
 ParamLabel(           3 ) = mu0hat
 ParamLabel(           4 ) = aI0
 ParamLabel(           5 ) = Q0N
 ParamLabel(           6 ) = KN
 ParamLabel(           7 ) = gmax
 ParamLabel(           8 ) = kp
 ParamLabel(           9 ) = wDET
 ParamLabel(          10 ) = rdn
 ParamLabel(          11 ) = mz
 ParamLabel(          12 ) = theta
 ParamLabel(          13 ) = alpham
 ParamLabel(          14 ) = alphaK
 Stn name: S1 
Total number of observations o S1  =  3687
Observation data set up for S1 
Timestepping:        0.003 of one day.
 Model setup finished for S1 
  The prior parameter mean values: 
  1.0E+00   1.0E+00   1.0E+00   1.0E+00   1.0E+00   1.0E+00   1.0E+00   1.0E+00   1.0E+00   1.0E+00   1.0E+00   1.0E+00   1.0E+00   1.0E+00
  The prior SD of parameters: 
  1.2E-01   1.2E-01   5.9E-01   2.7E-01   6.2E-02   7.5E-01   7.2E-01   1.2E+00   6.2E+00   7.2E-02   7.0E-02   1.2E-02   7.2E-02   1.0E-01
  The Inverse of the Prior Covariance Matrix: 
  6.4E+01   0.0E+00   0.0E+00   0.0E+00   0.0E+00   0.0E+00   0.0E+00   0.0E+00   0.0E+00   0.0E+00   0.0E+00   0.0E+00   0.0E+00   0.0E+00
  0.0E+00   6.4E+01   0.0E+00   0.0E+00   0.0E+00   0.0E+00   0.0E+00   0.0E+00   0.0E+00   0.0E+00   0.0E+00   0.0E+00   0.0E+00   0.0E+00
  0.0E+00   0.0E+00   2.9E+00   0.0E+00   0.0E+00   0.0E+00   0.0E+00   0.0E+00   0.0E+00   0.0E+00   0.0E+00   0.0E+00   0.0E+00   0.0E+00
  0.0E+00   0.0E+00   0.0E+00   1.3E+01   0.0E+00   0.0E+00   0.0E+00   0.0E+00   0.0E+00   0.0E+00   0.0E+00   0.0E+00   0.0E+00   0.0E+00
  0.0E+00   0.0E+00   0.0E+00   0.0E+00   2.6E+02   0.0E+00   0.0E+00   0.0E+00   0.0E+00   0.0E+00   0.0E+00   0.0E+00   0.0E+00   0.0E+00
  0.0E+00   0.0E+00   0.0E+00   0.0E+00   0.0E+00   1.8E+00   0.0E+00   0.0E+00   0.0E+00   0.0E+00   0.0E+00   0.0E+00   0.0E+00   0.0E+00
  0.0E+00   0.0E+00   0.0E+00   0.0E+00   0.0E+00   0.0E+00   1.9E+00   0.0E+00   0.0E+00   0.0E+00   0.0E+00   0.0E+00   0.0E+00   0.0E+00
  0.0E+00   0.0E+00   0.0E+00   0.0E+00   0.0E+00   0.0E+00   0.0E+00   7.3E-01   0.0E+00   0.0E+00   0.0E+00   0.0E+00   0.0E+00   0.0E+00
  0.0E+00   0.0E+00   0.0E+00   0.0E+00   0.0E+00   0.0E+00   0.0E+00   0.0E+00   2.6E-02   0.0E+00   0.0E+00   0.0E+00   0.0E+00   0.0E+00
  0.0E+00   0.0E+00   0.0E+00   0.0E+00   0.0E+00   0.0E+00   0.0E+00   0.0E+00   0.0E+00   1.9E+02   0.0E+00   0.0E+00   0.0E+00   0.0E+00
  0.0E+00   0.0E+00   0.0E+00   0.0E+00   0.0E+00   0.0E+00   0.0E+00   0.0E+00   0.0E+00   0.0E+00   2.0E+02   0.0E+00   0.0E+00   0.0E+00
  0.0E+00   0.0E+00   0.0E+00   0.0E+00   0.0E+00   0.0E+00   0.0E+00   0.0E+00   0.0E+00   0.0E+00   0.0E+00   6.9E+03   0.0E+00   0.0E+00
  0.0E+00   0.0E+00   0.0E+00   0.0E+00   0.0E+00   0.0E+00   0.0E+00   0.0E+00   0.0E+00   0.0E+00   0.0E+00   0.0E+00   1.9E+02   0.0E+00
  0.0E+00   0.0E+00   0.0E+00   0.0E+00   0.0E+00   0.0E+00   0.0E+00   0.0E+00   0.0E+00   0.0E+00   0.0E+00   0.0E+00   0.0E+00   1.0E+02
  The square root of the determinant of the Prior Covariance Matrix = 
  2.755628877273589E-010
 Initial Covariance matrix = 
      1.6E-02
      0.0E+00  1.6E-02
      0.0E+00  0.0E+00  3.4E-01
      0.0E+00  0.0E+00  0.0E+00  7.5E-02
      0.0E+00  0.0E+00  0.0E+00  0.0E+00  3.9E-03
      0.0E+00  0.0E+00  0.0E+00  0.0E+00  0.0E+00  5.6E-01
      0.0E+00  0.0E+00  0.0E+00  0.0E+00  0.0E+00  0.0E+00  5.3E-01
      0.0E+00  0.0E+00  0.0E+00  0.0E+00  0.0E+00  0.0E+00  0.0E+00  1.4E+00
      0.0E+00  0.0E+00  0.0E+00  0.0E+00  0.0E+00  0.0E+00  0.0E+00  0.0E+00  3.9E+01
      0.0E+00  0.0E+00  0.0E+00  0.0E+00  0.0E+00  0.0E+00  0.0E+00  0.0E+00  0.0E+00  5.3E-03
      0.0E+00  0.0E+00  0.0E+00  0.0E+00  0.0E+00  0.0E+00  0.0E+00  0.0E+00  0.0E+00  0.0E+00  4.9E-03
      0.0E+00  0.0E+00  0.0E+00  0.0E+00  0.0E+00  0.0E+00  0.0E+00  0.0E+00  0.0E+00  0.0E+00  0.0E+00  1.4E-04
      0.0E+00  0.0E+00  0.0E+00  0.0E+00  0.0E+00  0.0E+00  0.0E+00  0.0E+00  0.0E+00  0.0E+00  0.0E+00  0.0E+00  5.3E-03
      0.0E+00  0.0E+00  0.0E+00  0.0E+00  0.0E+00  0.0E+00  0.0E+00  0.0E+00  0.0E+00  0.0E+00  0.0E+00  0.0E+00  0.0E+00  1.0E-02
 Initial Proposal Covariance matrix = 
      6.4E-03
      0.0E+00  6.4E-03
      0.0E+00  0.0E+00  1.4E-01
      0.0E+00  0.0E+00  0.0E+00  3.1E-02
      0.0E+00  0.0E+00  0.0E+00  0.0E+00  1.6E-03
      0.0E+00  0.0E+00  0.0E+00  0.0E+00  0.0E+00  2.3E-01
      0.0E+00  0.0E+00  0.0E+00  0.0E+00  0.0E+00  0.0E+00  2.2E-01
      0.0E+00  0.0E+00  0.0E+00  0.0E+00  0.0E+00  0.0E+00  0.0E+00  5.7E-01
      0.0E+00  0.0E+00  0.0E+00  0.0E+00  0.0E+00  0.0E+00  0.0E+00  0.0E+00  1.6E+01
      0.0E+00  0.0E+00  0.0E+00  0.0E+00  0.0E+00  0.0E+00  0.0E+00  0.0E+00  0.0E+00  2.2E-03
      0.0E+00  0.0E+00  0.0E+00  0.0E+00  0.0E+00  0.0E+00  0.0E+00  0.0E+00  0.0E+00  0.0E+00  2.0E-03
      0.0E+00  0.0E+00  0.0E+00  0.0E+00  0.0E+00  0.0E+00  0.0E+00  0.0E+00  0.0E+00  0.0E+00  0.0E+00  5.9E-05
      0.0E+00  0.0E+00  0.0E+00  0.0E+00  0.0E+00  0.0E+00  0.0E+00  0.0E+00  0.0E+00  0.0E+00  0.0E+00  0.0E+00  2.2E-03
      0.0E+00  0.0E+00  0.0E+00  0.0E+00  0.0E+00  0.0E+00  0.0E+00  0.0E+00  0.0E+00  0.0E+00  0.0E+00  0.0E+00  0.0E+00  4.1E-03
 Cholesky factor for Proposal Covariance matrix = 
      8.0E-02
      0.0E+00  8.0E-02
      0.0E+00  0.0E+00  3.8E-01
      0.0E+00  0.0E+00  0.0E+00  1.8E-01
      0.0E+00  0.0E+00  0.0E+00  0.0E+00  4.0E-02
      0.0E+00  0.0E+00  0.0E+00  0.0E+00  0.0E+00  4.8E-01
      0.0E+00  0.0E+00  0.0E+00  0.0E+00  0.0E+00  0.0E+00  4.7E-01
      0.0E+00  0.0E+00  0.0E+00  0.0E+00  0.0E+00  0.0E+00  0.0E+00  7.5E-01
      0.0E+00  0.0E+00  0.0E+00  0.0E+00  0.0E+00  0.0E+00  0.0E+00  0.0E+00  4.0E+00
      0.0E+00  0.0E+00  0.0E+00  0.0E+00  0.0E+00  0.0E+00  0.0E+00  0.0E+00  0.0E+00  4.7E-02
      0.0E+00  0.0E+00  0.0E+00  0.0E+00  0.0E+00  0.0E+00  0.0E+00  0.0E+00  0.0E+00  0.0E+00  4.5E-02
      0.0E+00  0.0E+00  0.0E+00  0.0E+00  0.0E+00  0.0E+00  0.0E+00  0.0E+00  0.0E+00  0.0E+00  0.0E+00  7.7E-03
      0.0E+00  0.0E+00  0.0E+00  0.0E+00  0.0E+00  0.0E+00  0.0E+00  0.0E+00  0.0E+00  0.0E+00  0.0E+00  0.0E+00  4.7E-02
      0.0E+00  0.0E+00  0.0E+00  0.0E+00  0.0E+00  0.0E+00  0.0E+00  0.0E+00  0.0E+00  0.0E+00  0.0E+00  0.0E+00  0.0E+00  6.4E-02
  Testing whether cost remains the same on subsequent calls 

  Call #    1, LogL =    -1.651E+06

One model run takes   33.173 seconds.
 The            1  run.
 Proposal Covariance matrix for            2  ensemble run =
      3.8E-04
      8.8E-04  2.8E-03
     -5.0E-03 -1.7E-02  1.0E-01
      1.6E-03  5.1E-03 -3.2E-02  1.1E-02
      1.3E-04  4.1E-04 -2.8E-03  9.0E-04  1.1E-04
     -6.0E-07  1.2E-04 -6.4E-03  2.3E-03  6.8E-04  1.5E-02
      5.4E-05 -2.6E-04  8.8E-04 -4.0E-04  1.4E-04  1.7E-03  2.9E-03
     -1.2E-03 -3.5E-03  1.9E-02 -5.1E-03 -4.3E-04  1.1E-04  1.2E-05  9.5E-03
     -2.7E-03 -7.0E-03  3.8E-02 -1.1E-02 -8.2E-04  4.1E-03  2.0E-03  1.1E-02  1.4E-01
     -1.3E-04 -4.4E-04  3.1E-03 -1.1E-03 -9.8E-05 -5.1E-04  3.4E-05  2.4E-04  7.0E-04  1.4E-04
      2.2E-05  8.3E-05 -4.3E-04  8.9E-05  1.0E-06 -3.7E-04  7.7E-06 -1.1E-04 -3.3E-04 -7.2E-07  3.8E-05
     -1.4E-05 -4.4E-05  2.7E-04 -7.9E-05 -8.3E-06 -4.9E-05 -7.3E-06  7.4E-05  1.2E-04  6.5E-06  5.3E-07  1.7E-06
      2.3E-04  8.0E-04 -4.9E-03  1.5E-03  1.2E-04  1.9E-04 -1.3E-04 -9.4E-04 -1.8E-03 -1.4E-04  2.2E-05 -1.2E-05  2.5E-04
     -2.7E-04 -9.1E-04  5.3E-03 -1.5E-03 -1.2E-04 -8.5E-05  1.9E-04  1.3E-03  2.6E-03  1.2E-04 -3.4E-05  1.5E-05 -2.7E-04  3.7E-04
 The          201  run.
 Proposal Covariance matrix for            3  ensemble run =
      4.4E-04
      8.8E-04  2.2E-03
     -3.7E-03 -1.1E-02  6.0E-02
      8.3E-04  2.7E-03 -1.7E-02  5.7E-03
      5.9E-05  1.9E-04 -1.4E-03  4.6E-04  5.8E-05
     -9.3E-04 -1.5E-03  6.2E-04  1.3E-03  3.9E-04  1.2E-02
      6.2E-05 -1.0E-04  5.1E-04 -3.0E-04  6.3E-05  6.7E-04  1.5E-03
     -1.9E-03 -4.0E-03  1.5E-02 -2.7E-03 -1.7E-04  5.1E-03 -2.1E-04  1.2E-02
     -5.0E-03 -9.5E-03  3.4E-02 -5.3E-03 -2.4E-04  1.7E-02  2.8E-04  2.5E-02  1.3E-01
      5.0E-05 -4.3E-05  1.2E-03 -5.9E-04 -5.6E-05 -7.5E-04  5.3E-05 -5.0E-04 -1.5E-03  1.4E-04
      5.6E-05  1.2E-04 -4.1E-04  3.9E-05 -1.7E-06 -3.7E-04  1.3E-05 -2.9E-04 -8.7E-04  2.3E-05  2.8E-05
     -1.1E-05 -2.8E-05  1.5E-04 -4.0E-05 -4.0E-06 -1.1E-05 -4.4E-06  5.6E-05  1.1E-04  1.5E-06 -3.9E-07  8.8E-07
      1.8E-04  5.2E-04 -2.8E-03  7.8E-04  5.9E-05 -1.4E-04 -5.9E-05 -8.1E-04 -1.8E-03 -4.4E-05  2.2E-05 -7.2E-06  1.4E-04
     -3.6E-04 -8.4E-04  3.7E-03 -8.0E-04 -5.3E-05  8.0E-04  6.2E-05  1.8E-03  4.6E-03 -4.5E-05 -5.8E-05  1.1E-05 -1.9E-04  3.8E-04
 The          401  run.
 Proposal Covariance matrix for            4  ensemble run =
      3.9E-04
      7.4E-04  1.7E-03
     -2.8E-03 -7.6E-03  4.1E-02
      5.0E-04  1.7E-03 -1.1E-02  3.8E-03
      3.1E-05  1.2E-04 -9.1E-04  3.1E-04  4.0E-05
     -1.1E-03 -1.7E-03  1.9E-03  1.2E-03  3.0E-04  1.0E-02
      5.6E-05 -4.7E-05  3.0E-04 -2.1E-04  4.1E-05  3.7E-04  1.0E-03
     -1.8E-03 -3.5E-03  1.2E-02 -1.4E-03 -6.7E-05  6.1E-03 -2.3E-04  1.1E-02
     -5.0E-03 -9.0E-03  2.8E-02 -2.5E-03 -2.5E-05  1.9E-02 -7.4E-05  2.6E-02  1.1E-01
      9.6E-05  6.7E-05  5.8E-04 -4.3E-04 -4.2E-05 -8.0E-04  4.5E-05 -6.9E-04 -2.1E-03  1.3E-04
      5.8E-05  1.1E-04 -3.4E-04  1.3E-05 -2.8E-06 -3.5E-04  1.2E-05 -3.1E-04 -9.3E-04  2.8E-05  2.3E-05
     -8.6E-06 -2.1E-05  1.0E-04 -2.6E-05 -2.6E-06 -4.3E-07 -3.1E-06  4.5E-05  1.0E-04  1.2E-07 -5.6E-07  6.1E-07
      1.4E-04  3.8E-04 -1.9E-03  5.1E-04  3.8E-05 -2.0E-04 -3.6E-05 -6.7E-04 -1.6E-03 -1.4E-05  2.0E-05 -5.1E-06  1.0E-04
     -3.3E-04 -7.0E-04  2.8E-03 -4.7E-04 -2.8E-05  9.8E-04  2.8E-05  1.7E-03  4.6E-03 -8.7E-05 -5.7E-05  8.5E-06 -1.5E-04  3.4E-04
 The          601  run.
 Proposal Covariance matrix for            5  ensemble run =
      3.4E-04
      6.2E-04  1.4E-03
     -2.3E-03 -5.9E-03  3.1E-02
      3.5E-04  1.3E-03 -8.3E-03  2.9E-03
      2.2E-05  8.6E-05 -6.8E-04  2.4E-04  3.0E-05
     -1.0E-03 -1.6E-03  2.1E-03  9.7E-04  2.3E-04  8.4E-03
      4.1E-05 -3.6E-05  2.3E-04 -1.6E-04  3.1E-05  2.8E-04  7.6E-04
     -1.6E-03 -2.9E-03  9.7E-03 -9.6E-04 -4.6E-05  5.4E-03 -1.7E-04  9.0E-03
     -4.4E-03 -7.6E-03  2.3E-02 -1.5E-03 -2.0E-06  1.7E-02 -5.3E-05  2.2E-02  9.3E-02
      9.9E-05  8.9E-05  3.4E-04 -3.4E-04 -3.2E-05 -7.2E-04  3.4E-05 -6.3E-04 -1.9E-03  1.2E-04
      5.4E-05  9.7E-05 -2.9E-04  3.8E-06 -2.4E-06 -3.1E-04  9.2E-06 -2.8E-04 -8.5E-04  2.8E-05  2.0E-05
     -7.3E-06 -1.7E-05  8.1E-05 -1.9E-05 -1.9E-06  3.4E-06 -2.3E-06  3.8E-05  8.7E-05 -4.5E-07 -6.3E-07  4.7E-07
      1.2E-04  3.0E-04 -1.5E-03  3.8E-04  2.8E-05 -1.9E-04 -2.8E-05 -5.4E-04 -1.3E-03 -4.8E-06  1.7E-05 -4.0E-06  7.9E-05
     -2.9E-04 -5.8E-04  2.2E-03 -3.3E-04 -2.0E-05  9.0E-04  2.1E-05  1.5E-03  4.0E-03 -8.9E-05 -5.2E-05  7.1E-06 -1.2E-04  2.9E-04
 The          801  run.
 Proposal Covariance matrix for            6  ensemble run =
      2.9E-04
      5.3E-04  1.1E-03
     -1.9E-03 -4.8E-03  2.5E-02
      2.7E-04  1.0E-03 -6.7E-03  2.3E-03
      1.7E-05  6.7E-05 -5.4E-04  1.9E-04  2.4E-05
     -9.1E-04 -1.4E-03  2.1E-03  8.0E-04  1.9E-04  7.2E-03
      2.4E-05 -4.2E-05  2.2E-04 -1.3E-04  2.5E-05  2.6E-04  6.2E-04
     -1.3E-03 -2.4E-03  8.0E-03 -7.6E-04 -3.3E-05  4.6E-03 -1.1E-04  7.4E-03
     -3.8E-03 -6.5E-03  2.0E-02 -1.2E-03  1.3E-05  1.5E-02  7.4E-05  1.9E-02  7.8E-02
      9.0E-05  8.5E-05  2.3E-04 -2.7E-04 -2.7E-05 -6.2E-04  2.3E-05 -5.3E-04 -1.7E-03  9.7E-05
      4.9E-05  8.6E-05 -2.5E-04  1.7E-06 -2.2E-06 -2.7E-04  4.9E-06 -2.4E-04 -7.6E-04  2.5E-05  1.8E-05
     -6.0E-06 -1.4E-05  6.6E-05 -1.5E-05 -1.5E-06  3.6E-06 -1.8E-06  3.1E-05  7.2E-05 -4.5E-07 -5.6E-07  3.8E-07
      1.0E-04  2.5E-04 -1.2E-03  3.0E-04  2.2E-05 -1.8E-04 -2.4E-05 -4.5E-04 -1.1E-03 -1.4E-06  1.5E-05 -3.3E-06  6.4E-05
     -2.5E-04 -4.9E-04  1.8E-03 -2.6E-04 -1.5E-05  7.9E-04  2.4E-05  1.2E-03  3.4E-03 -7.9E-05 -4.6E-05  5.8E-06 -1.0E-04  2.4E-04
 The         1001  run.
 Proposal Covariance matrix for            7  ensemble run =
      2.7E-04
      4.8E-04  1.0E-03
     -1.6E-03 -4.1E-03  2.1E-02
      2.2E-04  8.3E-04 -5.5E-03  1.9E-03
      1.2E-05  5.3E-05 -4.5E-04  1.6E-04  2.0E-05
     -8.6E-04 -1.3E-03  2.0E-03  7.0E-04  1.6E-04  6.3E-03
     -1.7E-06 -6.4E-05  2.4E-04 -9.9E-05  2.3E-05  3.0E-04  5.3E-04
     -1.2E-03 -2.1E-03  6.9E-03 -6.1E-04 -2.1E-05  4.1E-03 -2.7E-05  6.4E-03
     -3.4E-03 -5.7E-03  1.7E-02 -8.8E-04  2.9E-05  1.3E-02  2.4E-04  1.6E-02  6.7E-02
      8.5E-05  8.6E-05  1.7E-04 -2.3E-04 -2.3E-05 -5.5E-04  1.1E-05 -4.8E-04 -1.5E-03  8.5E-05
      4.6E-05  7.9E-05 -2.3E-04 -6.8E-08 -2.2E-06 -2.5E-04  2.6E-07 -2.2E-04 -6.8E-04  2.3E-05  1.6E-05
     -4.8E-06 -1.1E-05  5.4E-05 -1.3E-05 -1.3E-06  2.4E-06 -1.7E-06  2.5E-05  5.9E-05 -3.1E-07 -4.3E-07  3.2E-07
      8.6E-05  2.1E-04 -1.0E-03  2.5E-04  1.8E-05 -1.6E-04 -2.3E-05 -3.8E-04 -9.8E-04  1.4E-07  1.3E-05 -2.7E-06  5.4E-05
     -2.2E-04 -4.3E-04  1.6E-03 -2.1E-04 -1.1E-05  7.2E-04  3.3E-05  1.1E-03  3.0E-03 -7.2E-05 -4.2E-05  4.8E-06 -8.6E-05  2.1E-04
 The         1201  run.
 Proposal Covariance matrix for            8  ensemble run =
      2.6E-04
      4.4E-04  8.9E-04
     -1.5E-03 -3.6E-03  1.8E-02
      1.7E-04  6.9E-04 -4.7E-03  1.7E-03
      9.1E-06  4.5E-05 -3.8E-04  1.4E-04  1.7E-05
     -7.9E-04 -1.2E-03  1.8E-03  6.3E-04  1.4E-04  5.5E-03
     -1.8E-05 -7.4E-05  2.4E-04 -7.5E-05  2.0E-05  2.9E-04  4.7E-04
     -1.1E-03 -1.9E-03  6.0E-03 -4.8E-04 -1.6E-05  3.7E-03  1.9E-05  5.6E-03
     -3.1E-03 -5.1E-03  1.5E-02 -6.5E-04  3.2E-05  1.2E-02  3.3E-04  1.4E-02  5.9E-02
      8.2E-05  8.4E-05  1.2E-04 -2.0E-04 -2.0E-05 -5.0E-04  3.5E-06 -4.3E-04 -1.3E-03  7.6E-05
      4.3E-05  7.1E-05 -2.0E-04 -1.8E-06 -2.0E-06 -2.2E-04 -1.7E-06 -1.9E-04 -6.0E-04  2.1E-05  1.4E-05
     -4.0E-06 -9.5E-06  4.6E-05 -1.1E-05 -1.1E-06  1.8E-06 -1.5E-06  2.1E-05  5.0E-05 -2.3E-07 -3.6E-07  2.7E-07
      7.5E-05  1.8E-04 -8.7E-04  2.1E-04  1.5E-05 -1.4E-04 -2.0E-05 -3.3E-04 -8.5E-04  4.0E-07  1.1E-05 -2.3E-06  4.6E-05
     -2.0E-04 -3.8E-04  1.4E-03 -1.8E-04 -9.3E-06  6.4E-04  3.6E-05  9.5E-04  2.6E-03 -6.7E-05 -3.7E-05  4.0E-06 -7.4E-05  1.9E-04
 The         1401  run.
 Proposal Covariance matrix for            9  ensemble run =
      2.5E-04
      4.0E-04  8.0E-04
     -1.3E-03 -3.2E-03  1.6E-02
      1.3E-04  5.9E-04 -4.1E-03  1.5E-03
      7.3E-06  3.8E-05 -3.3E-04  1.2E-04  1.5E-05
     -7.5E-04 -1.1E-03  1.6E-03  6.0E-04  1.3E-04  5.0E-03
     -1.8E-05 -6.7E-05  2.1E-04 -6.4E-05  1.8E-05  2.6E-04  4.1E-04
     -9.9E-04 -1.7E-03  5.3E-03 -3.7E-04 -1.2E-05  3.3E-03  2.1E-05  5.1E-03
     -2.9E-03 -4.6E-03  1.3E-02 -4.1E-04  3.3E-05  1.1E-02  3.1E-04  1.3E-02  5.3E-02
      8.1E-05  8.2E-05  9.7E-05 -1.9E-04 -1.8E-05 -4.5E-04  2.2E-06 -4.0E-04 -1.2E-03  7.0E-05
      3.9E-05  6.4E-05 -1.8E-04 -3.6E-06 -1.8E-06 -1.9E-04 -1.7E-06 -1.7E-04 -5.4E-04  1.9E-05  1.2E-05
     -3.7E-06 -8.4E-06  4.1E-05 -9.3E-06 -9.6E-07  1.8E-06 -1.3E-06  1.9E-05  4.4E-05 -2.5E-07 -3.3E-07  2.4E-07
      6.6E-05  1.6E-04 -7.6E-04  1.9E-04  1.4E-05 -1.2E-04 -1.8E-05 -2.9E-04 -7.4E-04  5.0E-07  1.0E-05 -2.0E-06  4.0E-05
     -1.9E-04 -3.4E-04  1.2E-03 -1.5E-04 -7.8E-06  5.9E-04  3.3E-05  8.5E-04  2.4E-03 -6.2E-05 -3.4E-05  3.6E-06 -6.5E-05  1.7E-04
 The         1601  run.
 Proposal Covariance matrix for           10  ensemble run =
      2.5E-04
      3.8E-04  7.4E-04
     -1.2E-03 -2.9E-03  1.4E-02
      1.0E-04  5.1E-04 -3.6E-03  1.3E-03
      5.8E-06  3.3E-05 -2.9E-04  1.1E-04  1.3E-05
     -7.1E-04 -1.0E-03  1.5E-03  5.6E-04  1.1E-04  4.5E-03
     -2.1E-05 -6.6E-05  1.9E-04 -5.3E-05  1.6E-05  2.5E-04  3.7E-04
     -9.0E-04 -1.5E-03  4.8E-03 -3.2E-04 -1.0E-05  3.0E-03  2.6E-05  4.5E-03
     -2.7E-03 -4.2E-03  1.2E-02 -3.0E-04  3.3E-05  9.8E-03  2.9E-04  1.2E-02  4.8E-02
      7.7E-05  7.8E-05  7.8E-05 -1.7E-04 -1.6E-05 -4.1E-04  7.7E-07 -3.6E-04 -1.1E-03  6.4E-05
      3.7E-05  5.9E-05 -1.6E-04 -4.1E-06 -1.7E-06 -1.8E-04 -1.9E-06 -1.6E-04 -4.9E-04  1.7E-05  1.1E-05
     -3.5E-06 -7.7E-06  3.6E-05 -8.2E-06 -8.5E-07  2.1E-06 -1.1E-06  1.7E-05  4.0E-05 -2.6E-07 -3.0E-07  2.2E-07
      5.9E-05  1.4E-04 -6.8E-04  1.7E-04  1.2E-05 -1.1E-04 -1.6E-05 -2.6E-04 -6.6E-04  4.3E-07  8.9E-06 -1.8E-06  3.6E-05
     -1.7E-04 -3.1E-04  1.1E-03 -1.3E-04 -6.7E-06  5.4E-04  3.1E-05  7.7E-04  2.2E-03 -5.7E-05 -3.0E-05  3.2E-06 -5.8E-05  1.5E-04
 The         1801  run.
 Proposal Covariance matrix for           11  ensemble run =
      2.5E-04
      3.7E-04  6.9E-04
     -1.1E-03 -2.6E-03  1.3E-02
      6.5E-05  4.3E-04 -3.2E-03  1.2E-03
      4.8E-06  2.9E-05 -2.6E-04  9.7E-05  1.2E-05
     -6.8E-04 -9.5E-04  1.4E-03  5.4E-04  1.0E-04  4.1E-03
     -4.4E-05 -8.2E-05  2.1E-04 -2.1E-05  1.5E-05  2.5E-04  3.6E-04
     -8.5E-04 -1.4E-03  4.3E-03 -2.5E-04 -8.2E-06  2.8E-03  5.2E-05  4.1E-03
     -2.5E-03 -3.9E-03  1.1E-02 -2.1E-04  3.2E-05  8.9E-03  3.2E-04  1.1E-02  4.3E-02
      7.6E-05  7.7E-05  6.0E-05 -1.6E-04 -1.4E-05 -3.8E-04 -5.9E-06 -3.3E-04 -1.0E-03  5.9E-05
      3.4E-05  5.4E-05 -1.4E-04 -4.5E-06 -1.5E-06 -1.6E-04 -2.4E-06 -1.4E-04 -4.4E-04  1.6E-05  1.0E-05
     -3.5E-06 -7.3E-06  3.3E-05 -7.0E-06 -7.6E-07  2.4E-06 -6.3E-07  1.6E-05  3.7E-05 -3.3E-07 -2.8E-07  2.0E-07
      5.4E-05  1.3E-04 -6.1E-04  1.5E-04  1.1E-05 -1.0E-04 -1.5E-05 -2.3E-04 -6.0E-04  6.4E-07  8.1E-06 -1.6E-06  3.2E-05
     -1.7E-04 -2.9E-04  9.9E-04 -1.0E-04 -5.9E-06  5.0E-04  3.6E-05  7.0E-04  2.0E-03 -5.4E-05 -2.8E-05  3.0E-06 -5.2E-05  1.4E-04
 The         2001  run.
 Proposal Covariance matrix for           12  ensemble run =
      2.5E-04
      3.5E-04  6.4E-04
     -1.0E-03 -2.4E-03  1.2E-02
      1.4E-05  3.6E-04 -2.9E-03  1.2E-03
      4.4E-06  2.7E-05 -2.4E-04  8.8E-05  1.1E-05
     -6.6E-04 -8.9E-04  1.3E-03  5.7E-04  9.4E-05  3.8E-03
     -5.0E-05 -8.2E-05  2.0E-04 -2.5E-07  1.3E-05  2.5E-04  3.3E-04
     -8.2E-04 -1.3E-03  4.0E-03 -1.4E-04 -7.6E-06  2.6E-03  6.7E-05  3.8E-03
     -2.3E-03 -3.6E-03  1.0E-02 -1.4E-05  2.9E-05  8.3E-03  3.3E-04  9.8E-03  3.9E-02
      8.0E-05  7.7E-05  4.6E-05 -1.6E-04 -1.3E-05 -3.7E-04 -9.8E-06 -3.2E-04 -9.8E-04  5.8E-05
      3.3E-05  5.0E-05 -1.3E-04 -8.5E-06 -1.4E-06 -1.5E-04 -3.2E-06 -1.3E-04 -4.1E-04  1.5E-05  9.3E-06
     -3.4E-06 -6.8E-06  3.1E-05 -5.9E-06 -6.9E-07  2.6E-06 -4.6E-07  1.5E-05  3.5E-05 -4.2E-07 -2.8E-07  1.8E-07
      5.0E-05  1.2E-04 -5.5E-04  1.3E-04  9.8E-06 -9.3E-05 -1.4E-05 -2.1E-04 -5.5E-04  1.0E-06  7.4E-06 -1.5E-06  2.9E-05
     -1.6E-04 -2.7E-04  9.1E-04 -7.4E-05 -5.4E-06  4.7E-04  3.8E-05  6.6E-04  1.8E-03 -5.4E-05 -2.6E-05  2.9E-06 -4.8E-05  1.3E-04
 The         2201  run.
 Proposal Covariance matrix for           13  ensemble run =
      2.5E-04
      3.4E-04  6.0E-04
     -9.7E-04 -2.2E-03  1.1E-02
     -2.5E-05  3.0E-04 -2.6E-03  1.2E-03
      3.6E-06  2.4E-05 -2.2E-04  8.1E-05  1.0E-05
     -6.5E-04 -8.5E-04  1.3E-03  6.1E-04  8.8E-05  3.6E-03
     -5.6E-05 -8.2E-05  2.0E-04  1.8E-05  1.2E-05  2.5E-04  3.1E-04
     -7.7E-04 -1.2E-03  3.7E-03 -8.5E-05 -6.4E-06  2.4E-03  7.2E-05  3.6E-03
     -2.2E-03 -3.4E-03  9.2E-03  1.3E-04  2.8E-05  7.8E-03  3.4E-04  9.1E-03  3.7E-02
      8.1E-05  7.7E-05  3.5E-05 -1.7E-04 -1.2E-05 -3.5E-04 -1.3E-05 -3.1E-04 -9.3E-04  5.7E-05
      3.4E-05  4.9E-05 -1.3E-04 -1.5E-05 -1.4E-06 -1.5E-04 -4.6E-06 -1.3E-04 -3.9E-04  1.6E-05  9.2E-06
     -3.2E-06 -6.3E-06  2.8E-05 -5.3E-06 -6.3E-07  2.4E-06 -4.1E-07  1.4E-05  3.2E-05 -3.9E-07 -2.6E-07  1.7E-07
      4.7E-05  1.1E-04 -5.1E-04  1.2E-04  9.0E-06 -8.7E-05 -1.4E-05 -2.0E-04 -5.1E-04  1.4E-06  7.0E-06 -1.4E-06  2.7E-05
     -1.6E-04 -2.6E-04  8.4E-04 -5.0E-05 -4.7E-06  4.5E-04  3.9E-05  6.1E-04  1.7E-03 -5.3E-05 -2.6E-05  2.7E-06 -4.4E-05  1.3E-04
 The         2401  run.
 Proposal Covariance matrix for           14  ensemble run =
      2.6E-04
      3.3E-04  5.6E-04
     -9.1E-04 -2.0E-03  1.0E-02
     -8.1E-05  2.4E-04 -2.4E-03  1.2E-03
      4.4E-06  2.3E-05 -2.0E-04  7.3E-05  9.5E-06
     -6.3E-04 -8.1E-04  1.2E-03  6.3E-04  8.1E-05  3.4E-03
     -5.5E-05 -7.8E-05  1.8E-04  2.4E-05  1.1E-05  2.3E-04  2.8E-04
     -7.4E-04 -1.2E-03  3.4E-03 -2.6E-05 -6.5E-06  2.3E-03  6.8E-05  3.3E-03
     -2.1E-03 -3.1E-03  8.5E-03  2.8E-04  2.5E-05  7.3E-03  3.2E-04  8.5E-03  3.4E-02
      8.7E-05  7.8E-05  2.6E-05 -1.8E-04 -1.1E-05 -3.4E-04 -1.3E-05 -2.9E-04 -8.9E-04  5.7E-05
      3.7E-05  4.9E-05 -1.2E-04 -2.4E-05 -1.1E-06 -1.4E-04 -4.8E-06 -1.2E-04 -3.8E-04  1.6E-05  9.5E-06
     -3.2E-06 -5.9E-06  2.6E-05 -4.4E-06 -6.0E-07  2.4E-06 -3.3E-07  1.3E-05  3.0E-05 -4.7E-07 -2.9E-07  1.6E-07
      4.5E-05  1.0E-04 -4.7E-04  1.1E-04  8.3E-06 -8.3E-05 -1.3E-05 -1.8E-04 -4.7E-04  1.9E-06  6.8E-06 -1.3E-06  2.5E-05
     -1.6E-04 -2.4E-04  7.8E-04 -2.3E-05 -4.7E-06  4.3E-04  3.7E-05  5.8E-04  1.6E-03 -5.4E-05 -2.6E-05  2.6E-06 -4.2E-05  1.2E-04
 The         2601  run.
 Proposal Covariance matrix for           15  ensemble run =
      2.7E-04
      3.2E-04  5.3E-04
     -8.7E-04 -1.9E-03  9.3E-03
     -1.4E-04  2.0E-04 -2.2E-03  1.2E-03
      6.2E-06  2.2E-05 -1.9E-04  6.4E-05  9.0E-06
     -6.1E-04 -7.6E-04  1.1E-03  6.2E-04  7.4E-05  3.2E-03
     -6.5E-05 -7.9E-05  1.8E-04  4.8E-05  9.4E-06  2.2E-04  2.7E-04
     -7.1E-04 -1.1E-03  3.2E-03  3.1E-05 -7.9E-06  2.1E-03  7.5E-05  3.1E-03
     -2.0E-03 -3.0E-03  8.0E-03  3.9E-04  1.9E-05  6.8E-03  3.2E-04  7.9E-03  3.2E-02
      9.4E-05  7.9E-05  1.6E-05 -1.9E-04 -9.2E-06 -3.2E-04 -1.8E-05 -2.8E-04 -8.6E-04  5.9E-05
      3.8E-05  4.7E-05 -1.1E-04 -3.1E-05 -7.3E-07 -1.3E-04 -6.3E-06 -1.2E-04 -3.6E-04  1.7E-05  9.4E-06
     -3.4E-06 -5.7E-06  2.4E-05 -3.2E-06 -5.9E-07  2.5E-06 -1.2E-07  1.2E-05  2.9E-05 -6.2E-07 -3.3E-07  1.5E-07
      4.3E-05  9.4E-05 -4.4E-04  9.6E-05  7.9E-06 -7.8E-05 -1.3E-05 -1.7E-04 -4.4E-04  2.5E-06  6.5E-06 -1.2E-06  2.3E-05
     -1.6E-04 -2.3E-04  7.4E-04  4.2E-06 -5.2E-06  4.1E-04  4.0E-05  5.5E-04  1.5E-03 -5.5E-05 -2.6E-05  2.6E-06 -3.9E-05  1.2E-04
 The         2801  run.
 Proposal Covariance matrix for           16  ensemble run =
      2.9E-04
      3.2E-04  5.1E-04
     -8.2E-04 -1.8E-03  8.7E-03
     -2.2E-04  1.3E-04 -2.0E-03  1.4E-03
      9.0E-06  2.2E-05 -1.8E-04  5.2E-05  8.7E-06
     -5.7E-04 -7.1E-04  1.0E-03  5.8E-04  6.9E-05  3.0E-03
     -8.4E-05 -8.6E-05  1.7E-04  1.0E-04  7.1E-06  2.1E-04  2.7E-04
     -7.2E-04 -1.0E-03  3.0E-03  1.6E-04 -1.2E-05  2.0E-03  1.0E-04  3.0E-03
     -2.0E-03 -2.8E-03  7.5E-03  5.8E-04  1.0E-05  6.4E-03  3.5E-04  7.5E-03  3.0E-02
      1.1E-04  8.3E-05  1.0E-05 -2.2E-04 -7.2E-06 -3.0E-04 -2.7E-05 -2.9E-04 -8.4E-04  6.3E-05
      4.1E-05  4.7E-05 -1.1E-04 -4.1E-05 -2.6E-07 -1.2E-04 -8.8E-06 -1.2E-04 -3.5E-04  1.8E-05  9.5E-06
     -3.4E-06 -5.4E-06  2.3E-05 -2.5E-06 -5.7E-07  2.3E-06 -6.3E-08  1.2E-05  2.7E-05 -6.7E-07 -3.3E-07  1.5E-07
      3.9E-05  8.7E-05 -4.1E-04  9.3E-05  7.3E-06 -7.3E-05 -1.1E-05 -1.6E-04 -4.1E-04  1.8E-06  5.9E-06 -1.1E-06  2.2E-05
     -1.7E-04 -2.3E-04  6.9E-04  4.7E-05 -6.3E-06  3.8E-04  4.8E-05  5.4E-04  1.5E-03 -5.9E-05 -2.6E-05  2.5E-06 -3.6E-05  1.2E-04
 The         3001  run.
 Proposal Covariance matrix for           17  ensemble run =
      3.3E-04
      3.4E-04  5.0E-04
     -7.8E-04 -1.7E-03  8.1E-03
     -3.5E-04  3.7E-05 -1.8E-03  1.7E-03
      1.0E-05  2.2E-05 -1.7E-04  4.3E-05  8.3E-06
     -5.4E-04 -6.7E-04  9.7E-04  5.7E-04  6.5E-05  2.8E-03
     -1.4E-04 -1.2E-04  1.8E-04  2.5E-04  4.3E-06  2.1E-04  3.2E-04
     -7.8E-04 -1.0E-03  2.8E-03  4.0E-04 -1.5E-05  1.9E-03  2.0E-04  3.0E-03
     -2.0E-03 -2.7E-03  7.0E-03  7.7E-04  7.1E-06  6.0E-03  4.2E-04  7.2E-03  2.8E-02
      1.2E-04  9.2E-05  5.0E-06 -2.7E-04 -5.9E-06 -2.9E-04 -5.0E-05 -3.1E-04 -8.3E-04  6.9E-05
      4.4E-05  4.7E-05 -1.0E-04 -5.3E-05 -3.4E-08 -1.2E-04 -1.4E-05 -1.2E-04 -3.3E-04  2.0E-05  9.4E-06
     -3.1E-06 -5.0E-06  2.1E-05 -2.6E-06 -5.3E-07  2.1E-06 -1.6E-07  1.1E-05  2.6E-05 -5.9E-07 -3.0E-07  1.4E-07
      3.4E-05  8.0E-05 -3.8E-04  9.4E-05  6.7E-06 -6.7E-05 -7.0E-06 -1.4E-04 -3.8E-04  4.5E-07  5.3E-06 -1.1E-06  2.1E-05
     -1.8E-04 -2.3E-04  6.5E-04  1.1E-04 -6.9E-06  3.6E-04  7.2E-05  5.5E-04  1.4E-03 -6.6E-05 -2.7E-05  2.3E-06 -3.3E-05  1.2E-04
 The         3201  run.
 Proposal Covariance matrix for           18  ensemble run =
      4.0E-04
      3.6E-04  4.9E-04
     -7.4E-04 -1.6E-03  7.6E-03
     -6.0E-04 -1.0E-04 -1.7E-03  2.3E-03
      1.8E-05  2.5E-05 -1.6E-04  1.6E-05  8.6E-06
     -4.7E-04 -6.1E-04  9.1E-04  4.3E-04  6.5E-05  2.6E-03
     -2.3E-04 -1.7E-04  1.7E-04  5.4E-04 -5.7E-06  1.5E-04  4.2E-04
     -9.0E-04 -1.1E-03  2.6E-03  9.0E-04 -3.0E-05  1.7E-03  4.0E-04  3.1E-03
     -2.0E-03 -2.6E-03  6.6E-03  1.1E-03 -4.1E-06  5.6E-03  5.3E-04  7.0E-03  2.7E-02
      1.6E-04  1.1E-04  3.5E-06 -3.8E-04 -1.4E-06 -2.5E-04 -9.9E-05 -3.8E-04 -8.4E-04  8.6E-05
      5.3E-05  5.0E-05 -9.6E-05 -8.3E-05  1.0E-06 -1.1E-04 -2.7E-05 -1.3E-04 -3.3E-04  2.4E-05  1.0E-05
     -3.2E-06 -4.9E-06  2.0E-05 -1.6E-06 -5.3E-07  1.9E-06  1.8E-07  1.1E-05  2.4E-05 -6.9E-07 -3.2E-07  1.3E-07
      2.9E-05  7.4E-05 -3.6E-04  9.7E-05  6.1E-06 -6.5E-05 -3.3E-06 -1.3E-04 -3.5E-04 -9.1E-07  4.6E-06 -1.0E-06  2.0E-05
     -2.2E-04 -2.4E-04  6.2E-04  2.4E-04 -1.1E-05  3.2E-04  1.2E-04  6.0E-04  1.4E-03 -8.5E-05 -3.1E-05  2.3E-06 -2.9E-05  1.4E-04
 The         3401  run.
 Proposal Covariance matrix for           19  ensemble run =
      5.2E-04
      4.1E-04  4.9E-04
     -7.1E-04 -1.5E-03  7.2E-03
     -9.8E-04 -2.9E-04 -1.6E-03  3.4E-03
      2.9E-05  2.9E-05 -1.5E-04 -2.1E-05  9.2E-06
     -3.8E-04 -5.5E-04  8.6E-04  2.0E-04  6.7E-05  2.5E-03
     -4.2E-04 -2.5E-04  1.8E-04  1.1E-03 -2.3E-05  4.6E-05  6.8E-04
     -1.1E-03 -1.1E-03  2.5E-03  1.7E-03 -5.2E-05  1.5E-03  7.6E-04  3.5E-03
     -2.0E-03 -2.5E-03  6.2E-03  1.3E-03 -1.2E-05  5.2E-03  6.4E-04  6.8E-03  2.5E-02
      2.2E-04  1.3E-04 -1.6E-06 -5.6E-04  4.4E-06 -2.1E-04 -1.9E-04 -4.9E-04 -8.4E-04  1.1E-04
      6.9E-05  5.6E-05 -9.2E-05 -1.4E-04  2.6E-06 -9.2E-05 -5.2E-05 -1.6E-04 -3.2E-04  3.2E-05  1.2E-05
     -3.5E-06 -4.8E-06  1.9E-05 -1.6E-07 -5.4E-07  1.5E-06  8.2E-07  1.1E-05  2.3E-05 -8.8E-07 -3.7E-07  1.3E-07
      2.7E-05  7.0E-05 -3.4E-04  9.2E-05  5.7E-06 -6.1E-05 -3.1E-06 -1.2E-04 -3.3E-04 -1.0E-06  4.3E-06 -9.4E-07  1.9E-05
     -2.8E-04 -2.6E-04  5.9E-04  4.5E-04 -1.7E-05  2.7E-04  2.2E-04  7.2E-04  1.4E-03 -1.2E-04 -4.0E-05  2.4E-06 -2.8E-05  1.7E-04
 The         3601  run.
 Proposal Covariance matrix for           20  ensemble run =
      9.5E-04
      6.0E-04  5.7E-04
     -6.1E-04 -1.4E-03  6.9E-03
     -2.3E-03 -9.2E-04 -1.7E-03  7.5E-03
      5.7E-05  4.1E-05 -1.4E-04 -1.1E-04  1.1E-05
     -3.2E-04 -5.0E-04  8.1E-04  7.1E-05  6.7E-05  2.4E-03
     -9.5E-04 -4.9E-04  1.0E-04  2.7E-03 -5.6E-05 -3.6E-06  1.3E-03
     -2.0E-03 -1.5E-03  2.3E-03  4.3E-03 -1.1E-04  1.3E-03  1.8E-03  5.1E-03
     -2.2E-03 -2.5E-03  5.9E-03  2.2E-03 -3.0E-05  5.0E-03  9.9E-04  7.1E-03  2.4E-02
      4.5E-04  2.4E-04  2.7E-05 -1.3E-03  1.9E-05 -1.8E-04 -4.6E-04 -9.4E-04 -9.6E-04  2.3E-04
      1.4E-04  8.6E-05 -7.9E-05 -3.5E-04  7.0E-06 -8.0E-05 -1.3E-04 -3.0E-04 -3.6E-04  6.7E-05  2.3E-05
     -2.6E-06 -4.2E-06  1.8E-05 -2.3E-06 -4.7E-07  1.4E-06 -6.5E-08  9.1E-06  2.2E-05 -4.7E-07 -2.4E-07  1.2E-07
      1.0E-05  5.9E-05 -3.2E-04  1.3E-04  4.4E-06 -6.0E-05  1.5E-05 -8.6E-05 -3.0E-04 -8.8E-06  1.8E-06 -9.1E-07  1.8E-05
     -5.0E-04 -3.6E-04  5.3E-04  1.1E-03 -3.1E-05  2.3E-04  4.9E-04  1.2E-03  1.5E-03 -2.3E-04 -7.5E-05  1.9E-06 -1.8E-05  2.9E-04
 The         3801  run.
 Proposal Covariance matrix for           21  ensemble run =
      1.8E-03
      1.0E-03  7.6E-04
     -4.9E-04 -1.3E-03  6.5E-03
     -5.0E-03 -2.2E-03 -1.9E-03  1.6E-02
      1.2E-04  7.0E-05 -1.3E-04 -3.0E-04  1.4E-05
     -8.8E-05 -3.7E-04  7.9E-04 -5.8E-04  7.8E-05  2.3E-03
     -2.0E-03 -9.8E-04 -1.2E-05  5.8E-03 -1.3E-04 -2.5E-04  2.5E-03
     -3.8E-03 -2.4E-03  2.0E-03  1.0E-02 -2.3E-04  8.1E-04  3.9E-03  8.9E-03
     -2.6E-03 -2.7E-03  5.5E-03  3.9E-03 -6.8E-05  4.6E-03  1.6E-03  8.0E-03  2.3E-02
      9.0E-04  4.6E-04  7.5E-05 -2.7E-03  5.1E-05 -5.7E-05 -1.0E-03 -1.9E-03 -1.2E-03  4.7E-04
      2.7E-04  1.5E-04 -6.0E-05 -7.6E-04  1.6E-05 -4.4E-05 -2.9E-04 -5.8E-04 -4.3E-04  1.4E-04  4.3E-05
     -1.6E-06 -3.6E-06  1.7E-05 -4.8E-06 -3.9E-07  1.5E-06 -1.1E-06  6.9E-06  2.0E-05  5.3E-09 -9.2E-08  1.2E-07
     -2.4E-05  3.9E-05 -3.1E-04  2.3E-04  1.9E-06 -6.4E-05  5.4E-05 -1.1E-05 -2.7E-04 -2.6E-05 -3.6E-06 -9.0E-07  1.8E-05
     -9.6E-04 -5.7E-04  4.5E-04  2.6E-03 -6.2E-05  1.1E-04  1.0E-03  2.1E-03  1.7E-03 -4.7E-04 -1.5E-04  1.4E-06  3.7E-07  5.2E-04
 The         4001  run.
 Proposal Covariance matrix for           22  ensemble run =
      2.6E-03
      1.4E-03  9.2E-04
     -3.7E-04 -1.2E-03  6.2E-03
     -7.3E-03 -3.4E-03 -2.1E-03  2.3E-02
      1.7E-04  9.4E-05 -1.1E-04 -4.5E-04  1.7E-05
      4.7E-05 -2.9E-04  7.7E-04 -9.5E-04  8.3E-05  2.3E-03
     -2.8E-03 -1.4E-03 -1.2E-04  8.5E-03 -1.8E-04 -3.9E-04  3.5E-03
     -5.4E-03 -3.1E-03  1.7E-03  1.5E-02 -3.4E-04  5.0E-04  5.8E-03  1.2E-02
     -3.1E-03 -2.8E-03  5.2E-03  5.3E-03 -1.0E-04  4.3E-03  2.1E-03  8.7E-03  2.3E-02
      1.3E-03  6.5E-04  1.2E-04 -3.9E-03  7.8E-05  1.4E-05 -1.4E-03 -2.7E-03 -1.4E-03  6.8E-04
      3.9E-04  2.1E-04 -4.2E-05 -1.1E-03  2.4E-05 -2.1E-05 -4.3E-04 -8.3E-04 -4.9E-04  2.0E-04  6.2E-05
     -6.3E-07 -3.0E-06  1.7E-05 -7.3E-06 -3.1E-07  1.6E-06 -2.0E-06  4.7E-06  1.8E-05  4.7E-07  5.2E-08  1.1E-07
     -5.5E-05  2.2E-05 -3.0E-04  3.2E-04 -3.2E-07 -6.6E-05  8.8E-05  5.6E-05 -2.4E-04 -4.1E-05 -8.4E-06 -8.9E-07  1.9E-05
     -1.4E-03 -7.6E-04  3.8E-04  3.8E-03 -8.8E-05  3.7E-05  1.5E-03  2.9E-03  1.9E-03 -6.8E-04 -2.1E-04  8.4E-07  1.7E-05  7.3E-04
 The         4201  run.
 Proposal Covariance matrix for           23  ensemble run =
      3.2E-03
      1.7E-03  1.1E-03
     -2.5E-04 -1.1E-03  6.0E-03
     -9.2E-03 -4.3E-03 -2.3E-03  2.8E-02
      2.1E-04  1.1E-04 -1.0E-04 -5.7E-04  2.0E-05
      1.1E-04 -2.4E-04  7.4E-04 -1.1E-03  8.4E-05  2.2E-03
     -3.5E-03 -1.8E-03 -2.3E-04  1.1E-02 -2.3E-04 -4.4E-04  4.2E-03
     -6.7E-03 -3.7E-03  1.4E-03  1.9E-02 -4.2E-04  3.4E-04  7.2E-03  1.5E-02
     -3.4E-03 -2.9E-03  4.9E-03  6.6E-03 -1.3E-04  4.0E-03  2.6E-03  9.4E-03  2.2E-02
      1.6E-03  8.1E-04  1.7E-04 -4.8E-03  9.9E-05  4.8E-05 -1.8E-03 -3.4E-03 -1.6E-03  8.4E-04
      4.9E-04  2.6E-04 -2.4E-05 -1.4E-03  3.1E-05 -9.5E-06 -5.4E-04 -1.0E-03 -5.5E-04  2.5E-04  7.8E-05
      3.4E-07 -2.4E-06  1.6E-05 -9.8E-06 -2.4E-07  1.6E-06 -3.0E-06  2.5E-06  1.7E-05  9.3E-07  2.0E-07  1.1E-07
     -8.1E-05  6.5E-06 -2.9E-04  3.9E-04 -2.2E-06 -6.6E-05  1.2E-04  1.1E-04 -2.0E-04 -5.5E-05 -1.3E-05 -8.9E-07  1.9E-05
     -1.7E-03 -9.1E-04  3.1E-04  4.7E-03 -1.1E-04  8.1E-07  1.8E-03  3.6E-03  2.1E-03 -8.4E-04 -2.6E-04  3.2E-07  3.1E-05  8.9E-04
 The         4401  run.
 Proposal Covariance matrix for           24  ensemble run =
      3.8E-03
      1.9E-03  1.2E-03
     -1.6E-04 -9.9E-04  5.7E-03
     -1.1E-02 -5.2E-03 -2.4E-03  3.4E-02
      2.5E-04  1.3E-04 -9.2E-05 -7.0E-04  2.2E-05
      2.3E-04 -1.7E-04  7.2E-04 -1.4E-03  8.9E-05  2.1E-03
     -4.2E-03 -2.0E-03 -3.0E-04  1.2E-02 -2.7E-04 -5.5E-04  4.9E-03
     -7.8E-03 -4.2E-03  1.2E-03  2.2E-02 -5.0E-04  9.1E-05  8.4E-03  1.7E-02
     -3.7E-03 -3.0E-03  4.6E-03  7.6E-03 -1.5E-04  3.8E-03  3.0E-03  9.8E-03  2.1E-02
      1.9E-03  9.5E-04  2.0E-04 -5.7E-03  1.2E-04  1.1E-04 -2.1E-03 -4.0E-03 -1.8E-03  9.9E-04
      5.8E-04  3.0E-04 -1.1E-05 -1.7E-03  3.7E-05  9.6E-06 -6.3E-04 -1.2E-03 -5.9E-04  3.0E-04  9.1E-05
      1.0E-06 -2.0E-06  1.5E-05 -1.1E-05 -1.8E-07  1.6E-06 -3.6E-06  1.0E-06  1.6E-05  1.3E-06  3.0E-07  1.0E-07
     -1.1E-04 -6.7E-06 -2.8E-04  4.6E-04 -4.0E-06 -6.8E-05  1.4E-04  1.6E-04 -1.8E-04 -6.6E-05 -1.6E-05 -8.8E-07  1.9E-05
     -2.0E-03 -1.0E-03  2.6E-04  5.6E-03 -1.3E-04 -6.1E-05  2.1E-03  4.1E-03  2.2E-03 -9.9E-04 -3.0E-04 -5.1E-08  4.4E-05  1.0E-03
 The         4601  run.
 Proposal Covariance matrix for           25  ensemble run =
      4.3E-03
      2.2E-03  1.3E-03
     -1.9E-05 -8.8E-04  5.5E-03
     -1.3E-02 -5.9E-03 -2.7E-03  3.9E-02
      2.9E-04  1.5E-04 -7.9E-05 -8.2E-04  2.5E-05
      3.7E-04 -1.0E-04  7.2E-04 -1.8E-03  9.5E-05  2.0E-03
     -4.7E-03 -2.3E-03 -4.3E-04  1.4E-02 -3.1E-04 -6.8E-04  5.4E-03
     -8.8E-03 -4.6E-03  8.7E-04  2.5E-02 -5.7E-04 -1.8E-04  9.4E-03  1.9E-02
     -4.0E-03 -3.1E-03  4.3E-03  8.8E-03 -1.8E-04  3.5E-03  3.3E-03  1.0E-02  2.1E-02
      2.2E-03  1.1E-03  2.6E-04 -6.6E-03  1.4E-04  1.8E-04 -2.4E-03 -4.5E-03 -2.0E-03  1.1E-03
      6.6E-04  3.3E-04  9.5E-06 -1.9E-03  4.3E-05  3.1E-05 -7.1E-04 -1.3E-03 -6.4E-04  3.4E-04  1.0E-04
      1.2E-06 -1.8E-06  1.5E-05 -1.2E-05 -1.6E-07  1.6E-06 -3.7E-06  6.2E-07  1.5E-05  1.3E-06  3.2E-07  9.9E-08
     -1.3E-04 -1.9E-05 -2.7E-04  5.2E-04 -5.7E-06 -7.0E-05  1.6E-04  2.1E-04 -1.5E-04 -7.7E-05 -2.0E-05 -8.5E-07  2.0E-05
     -2.2E-03 -1.2E-03  1.8E-04  6.5E-03 -1.5E-04 -1.3E-04  2.4E-03  4.6E-03  2.3E-03 -1.1E-03 -3.4E-04 -1.4E-07  5.5E-05  1.2E-03
 The         4801  run.
 Proposal Covariance matrix for           26  ensemble run =
      4.8E-03
      2.4E-03  1.3E-03
      8.2E-05 -8.0E-04  5.3E-03
     -1.4E-02 -6.6E-03 -2.9E-03  4.3E-02
      3.2E-04  1.6E-04 -6.9E-05 -9.2E-04  2.7E-05
      5.1E-04 -2.5E-05  7.2E-04 -2.2E-03  1.0E-04  2.0E-03
     -5.1E-03 -2.5E-03 -5.1E-04  1.5E-02 -3.4E-04 -8.1E-04  5.8E-03
     -9.6E-03 -5.0E-03  6.5E-04  2.8E-02 -6.3E-04 -4.7E-04  1.0E-02  2.0E-02
     -4.3E-03 -3.1E-03  4.1E-03  9.6E-03 -2.0E-04  3.3E-03  3.6E-03  1.1E-02  2.0E-02
      2.4E-03  1.2E-03  3.0E-04 -7.3E-03  1.6E-04  2.5E-04 -2.6E-03 -4.9E-03 -2.1E-03  1.3E-03
      7.3E-04  3.6E-04  2.4E-05 -2.2E-03  4.8E-05  5.3E-05 -7.8E-04 -1.5E-03 -6.7E-04  3.7E-04  1.1E-04
      1.1E-06 -1.7E-06  1.4E-05 -1.1E-05 -1.5E-07  1.5E-06 -3.5E-06  6.6E-07  1.4E-05  1.2E-06  3.0E-07  9.5E-08
     -1.5E-04 -2.9E-05 -2.7E-04  5.7E-04 -7.1E-06 -7.4E-05  1.8E-04  2.4E-04 -1.3E-04 -8.6E-05 -2.2E-05 -8.1E-07  2.0E-05
     -2.5E-03 -1.3E-03  1.2E-04  7.2E-03 -1.6E-04 -2.0E-04  2.6E-03  5.0E-03  2.4E-03 -1.2E-03 -3.7E-04 -1.2E-07  6.5E-05  1.3E-03
 The         5001  run.
 Proposal Covariance matrix for           27  ensemble run =
      5.2E-03
      2.5E-03  1.4E-03
      2.0E-04 -7.2E-04  5.1E-03
     -1.5E-02 -7.0E-03 -3.2E-03  4.6E-02
      3.4E-04  1.7E-04 -5.9E-05 -9.9E-04  2.8E-05
      6.1E-04  3.0E-05  7.2E-04 -2.5E-03  1.1E-04  1.9E-03
     -5.5E-03 -2.6E-03 -6.0E-04  1.6E-02 -3.6E-04 -9.0E-04  6.1E-03
     -1.0E-02 -5.2E-03  4.0E-04  3.0E-02 -6.7E-04 -6.9E-04  1.1E-02  2.1E-02
     -4.5E-03 -3.2E-03  3.8E-03  1.0E-02 -2.2E-04  3.1E-03  3.8E-03  1.1E-02  2.0E-02
      2.6E-03  1.3E-03  3.5E-04 -7.9E-03  1.7E-04  3.0E-04 -2.8E-03 -5.2E-03 -2.2E-03  1.3E-03
      7.8E-04  3.8E-04  4.0E-05 -2.3E-03  5.1E-05  6.8E-05 -8.2E-04 -1.6E-03 -7.0E-04  4.0E-04  1.2E-04
      1.1E-06 -1.6E-06  1.4E-05 -1.1E-05 -1.4E-07  1.5E-06 -3.4E-06  5.1E-07  1.4E-05  1.2E-06  3.0E-07  9.1E-08
     -1.6E-04 -3.8E-05 -2.6E-04  6.2E-04 -8.3E-06 -7.6E-05  1.9E-04  2.8E-04 -1.1E-04 -9.5E-05 -2.5E-05 -7.8E-07  2.0E-05
     -2.6E-03 -1.3E-03  6.0E-05  7.7E-03 -1.7E-04 -2.6E-04  2.8E-03  5.3E-03  2.5E-03 -1.3E-03 -4.0E-04 -1.5E-07  7.4E-05  1.4E-03
 The         5201  run.
 Proposal Covariance matrix for           28  ensemble run =
      5.5E-03
      2.7E-03  1.4E-03
      3.0E-04 -6.4E-04  4.9E-03
     -1.6E-02 -7.4E-03 -3.4E-03  4.9E-02
      3.6E-04  1.8E-04 -5.0E-05 -1.0E-03  2.9E-05
      7.0E-04  7.9E-05  7.1E-04 -2.8E-03  1.1E-04  1.9E-03
     -5.7E-03 -2.7E-03 -6.9E-04  1.7E-02 -3.8E-04 -9.8E-04  6.3E-03
     -1.1E-02 -5.5E-03  1.7E-04  3.2E-02 -7.0E-04 -8.8E-04  1.1E-02  2.2E-02
     -4.7E-03 -3.3E-03  3.6E-03  1.1E-02 -2.3E-04  2.9E-03  4.1E-03  1.1E-02  1.9E-02
      2.8E-03  1.3E-03  4.0E-04 -8.3E-03  1.8E-04  3.5E-04 -2.9E-03 -5.5E-03 -2.3E-03  1.4E-03
      8.2E-04  4.0E-04  5.4E-05 -2.4E-03  5.3E-05  8.2E-05 -8.6E-04 -1.6E-03 -7.3E-04  4.2E-04  1.2E-04
      1.1E-06 -1.6E-06  1.3E-05 -1.1E-05 -1.3E-07  1.4E-06 -3.3E-06  4.0E-07  1.3E-05  1.2E-06  2.9E-07  8.8E-08
     -1.8E-04 -4.5E-05 -2.6E-04  6.5E-04 -9.2E-06 -7.8E-05  2.1E-04  3.0E-04 -9.1E-05 -1.0E-04 -2.7E-05 -7.6E-07  2.0E-05
     -2.8E-03 -1.4E-03  2.4E-06  8.2E-03 -1.8E-04 -3.0E-04  2.9E-03  5.6E-03  2.6E-03 -1.4E-03 -4.2E-04 -1.7E-07  8.1E-05  1.4E-03
 The         5401  run.
 Proposal Covariance matrix for           29  ensemble run =
      5.7E-03
      2.8E-03  1.5E-03
      3.9E-04 -5.8E-04  4.8E-03
     -1.7E-02 -7.7E-03 -3.6E-03  5.1E-02
      3.7E-04  1.8E-04 -4.2E-05 -1.1E-03  2.9E-05
      7.8E-04  1.2E-04  7.1E-04 -3.0E-03  1.1E-04  1.9E-03
     -6.0E-03 -2.8E-03 -7.7E-04  1.8E-02 -3.9E-04 -1.0E-03  6.5E-03
     -1.1E-02 -5.6E-03 -3.1E-05  3.3E-02 -7.3E-04 -1.0E-03  1.2E-02  2.3E-02
     -4.9E-03 -3.3E-03  3.4E-03  1.2E-02 -2.4E-04  2.7E-03  4.3E-03  1.2E-02  1.9E-02
      2.9E-03  1.4E-03  4.3E-04 -8.7E-03  1.8E-04  3.9E-04 -3.1E-03 -5.7E-03 -2.4E-03  1.5E-03
      8.5E-04  4.1E-04  6.7E-05 -2.5E-03  5.5E-05  9.4E-05 -8.9E-04 -1.7E-03 -7.6E-04  4.4E-04  1.3E-04
      1.2E-06 -1.5E-06  1.3E-05 -1.0E-05 -1.3E-07  1.4E-06 -3.3E-06  2.3E-07  1.3E-05  1.2E-06  2.9E-07  8.5E-08
     -1.9E-04 -5.1E-05 -2.5E-04  6.9E-04 -9.9E-06 -7.9E-05  2.2E-04  3.3E-04 -7.3E-05 -1.1E-04 -2.8E-05 -7.3E-07  2.0E-05
     -2.9E-03 -1.4E-03 -4.8E-05  8.5E-03 -1.9E-04 -3.4E-04  3.0E-03  5.8E-03  2.7E-03 -1.5E-03 -4.3E-04 -2.0E-07  8.7E-05  1.5E-03
 The         5601  run.
 Proposal Covariance matrix for           30  ensemble run =
      5.9E-03
      2.8E-03  1.5E-03
      4.6E-04 -5.2E-04  4.6E-03
     -1.8E-02 -8.0E-03 -3.7E-03  5.3E-02
      3.8E-04  1.9E-04 -3.6E-05 -1.1E-03  2.9E-05
      8.3E-04  1.5E-04  7.0E-04 -3.1E-03  1.1E-04  1.8E-03
     -6.2E-03 -2.9E-03 -8.2E-04  1.9E-02 -4.0E-04 -1.1E-03  6.7E-03
     -1.2E-02 -5.8E-03 -1.8E-04  3.4E-02 -7.4E-04 -1.2E-03  1.2E-02  2.4E-02
     -5.0E-03 -3.3E-03  3.2E-03  1.2E-02 -2.5E-04  2.5E-03  4.4E-03  1.2E-02  1.8E-02
      3.0E-03  1.4E-03  4.6E-04 -9.1E-03  1.9E-04  4.2E-04 -3.2E-03 -5.9E-03 -2.5E-03  1.6E-03
      8.8E-04  4.2E-04  7.6E-05 -2.6E-03  5.6E-05  1.0E-04 -9.2E-04 -1.7E-03 -7.7E-04  4.5E-04  1.3E-04
      1.1E-06 -1.4E-06  1.2E-05 -1.0E-05 -1.2E-07  1.4E-06 -3.1E-06  2.8E-07  1.2E-05  1.1E-06  2.8E-07  8.2E-08
     -2.0E-04 -5.8E-05 -2.5E-04  7.2E-04 -1.1E-05 -8.0E-05  2.3E-04  3.5E-04 -5.8E-05 -1.1E-04 -3.0E-05 -7.1E-07  2.0E-05
     -3.0E-03 -1.5E-03 -8.7E-05  8.8E-03 -1.9E-04 -3.7E-04  3.1E-03  6.0E-03  2.8E-03 -1.5E-03 -4.5E-04 -1.8E-07  9.3E-05  1.5E-03
 The         5801  run.
 Proposal Covariance matrix for           31  ensemble run =
      6.1E-03
      2.9E-03  1.5E-03
      5.3E-04 -4.6E-04  4.5E-03
     -1.8E-02 -8.3E-03 -3.8E-03  5.5E-02
      3.9E-04  1.9E-04 -3.1E-05 -1.1E-03  2.9E-05
      8.6E-04  1.7E-04  6.9E-04 -3.2E-03  1.1E-04  1.8E-03
     -6.3E-03 -3.0E-03 -8.8E-04  1.9E-02 -4.0E-04 -1.1E-03  6.8E-03
     -1.2E-02 -5.9E-03 -3.3E-04  3.5E-02 -7.5E-04 -1.2E-03  1.2E-02  2.4E-02
     -5.1E-03 -3.3E-03  3.1E-03  1.3E-02 -2.6E-04  2.4E-03  4.5E-03  1.2E-02  1.8E-02
      3.1E-03  1.5E-03  4.9E-04 -9.4E-03  1.9E-04  4.4E-04 -3.2E-03 -6.1E-03 -2.5E-03  1.6E-03
      9.0E-04  4.4E-04  8.6E-05 -2.7E-03  5.7E-05  1.1E-04 -9.4E-04 -1.8E-03 -7.8E-04  4.6E-04  1.4E-04
      7.9E-07 -1.5E-06  1.2E-05 -8.8E-06 -1.3E-07  1.3E-06 -2.8E-06  7.6E-07  1.2E-05  9.6E-07  2.3E-07  8.0E-08
     -2.1E-04 -6.4E-05 -2.4E-04  7.5E-04 -1.1E-05 -8.0E-05  2.4E-04  3.7E-04 -4.3E-05 -1.2E-04 -3.1E-05 -6.7E-07  2.0E-05
     -3.1E-03 -1.5E-03 -1.3E-04  9.1E-03 -2.0E-04 -3.9E-04  3.2E-03  6.1E-03  2.8E-03 -1.6E-03 -4.6E-04 -4.3E-08  9.9E-05  1.6E-03
 The         6001  run.
 Proposal Covariance matrix for           32  ensemble run =
      6.3E-03
      3.0E-03  1.6E-03
      5.8E-04 -4.2E-04  4.4E-03
     -1.9E-02 -8.5E-03 -3.9E-03  5.7E-02
      4.0E-04  1.9E-04 -2.6E-05 -1.2E-03  3.0E-05
      9.7E-04  2.3E-04  7.0E-04 -3.5E-03  1.2E-04  1.7E-03
     -6.5E-03 -3.0E-03 -9.1E-04  2.0E-02 -4.1E-04 -1.2E-03  6.9E-03
     -1.2E-02 -6.0E-03 -4.4E-04  3.6E-02 -7.7E-04 -1.4E-03  1.3E-02  2.5E-02
     -5.2E-03 -3.3E-03  2.9E-03  1.3E-02 -2.6E-04  2.3E-03  4.6E-03  1.2E-02  1.7E-02
      3.2E-03  1.5E-03  5.1E-04 -9.6E-03  2.0E-04  4.9E-04 -3.3E-03 -6.2E-03 -2.6E-03  1.6E-03
      9.3E-04  4.4E-04  9.2E-05 -2.8E-03  5.8E-05  1.2E-04 -9.6E-04 -1.8E-03 -7.9E-04  4.7E-04  1.4E-04
      3.2E-07 -1.7E-06  1.1E-05 -7.2E-06 -1.6E-07  1.1E-06 -2.3E-06  1.5E-06  1.2E-05  7.0E-07  1.6E-07  7.8E-08
     -2.2E-04 -7.0E-05 -2.4E-04  7.8E-04 -1.2E-05 -8.4E-05  2.5E-04  3.9E-04 -3.0E-05 -1.2E-04 -3.3E-05 -6.3E-07  2.1E-05
     -3.2E-03 -1.5E-03 -1.5E-04  9.4E-03 -2.0E-04 -4.4E-04  3.3E-03  6.3E-03  2.8E-03 -1.6E-03 -4.7E-04  1.7E-07  1.0E-04  1.6E-03
 The         6201  run.
 Proposal Covariance matrix for           33  ensemble run =
      6.4E-03
      3.1E-03  1.6E-03
      6.3E-04 -3.7E-04  4.3E-03
     -1.9E-02 -8.7E-03 -4.0E-03  5.8E-02
      4.1E-04  2.0E-04 -2.0E-05 -1.2E-03  3.0E-05
      1.1E-03  2.9E-04  7.1E-04 -3.9E-03  1.2E-04  1.8E-03
     -6.6E-03 -3.1E-03 -9.5E-04  2.0E-02 -4.2E-04 -1.3E-03  7.0E-03
     -1.2E-02 -6.1E-03 -5.6E-04  3.7E-02 -7.9E-04 -1.7E-03  1.3E-02  2.5E-02
     -5.3E-03 -3.3E-03  2.8E-03  1.3E-02 -2.7E-04  2.1E-03  4.7E-03  1.2E-02  1.7E-02
      3.3E-03  1.5E-03  5.3E-04 -9.8E-03  2.0E-04  5.6E-04 -3.4E-03 -6.4E-03 -2.6E-03  1.7E-03
      9.4E-04  4.5E-04  9.9E-05 -2.8E-03  5.9E-05  1.4E-04 -9.7E-04 -1.8E-03 -8.0E-04  4.8E-04  1.4E-04
     -3.7E-07 -1.9E-06  1.1E-05 -4.9E-06 -2.0E-07  7.0E-07 -1.6E-06  2.7E-06  1.2E-05  3.4E-07  7.1E-08  7.7E-08
     -2.3E-04 -7.5E-05 -2.3E-04  8.1E-04 -1.3E-05 -9.0E-05  2.5E-04  4.1E-04 -1.7E-05 -1.3E-04 -3.4E-05 -5.7E-07  2.1E-05
     -3.2E-03 -1.6E-03 -1.8E-04  9.6E-03 -2.1E-04 -5.1E-04  3.3E-03  6.3E-03  2.9E-03 -1.6E-03 -4.8E-04  4.9E-07  1.1E-04  1.6E-03
 The         6401  run.
 Proposal Covariance matrix for           34  ensemble run =
      6.6E-03
      3.1E-03  1.6E-03
      7.0E-04 -3.3E-04  4.1E-03
     -2.0E-02 -8.9E-03 -4.2E-03  5.9E-02
      4.2E-04  2.0E-04 -1.4E-05 -1.2E-03  3.1E-05
      1.2E-03  3.5E-04  7.3E-04 -4.2E-03  1.3E-04  1.8E-03
     -6.7E-03 -3.1E-03 -9.9E-04  2.0E-02 -4.3E-04 -1.4E-03  7.1E-03
     -1.3E-02 -6.2E-03 -6.8E-04  3.7E-02 -8.0E-04 -1.9E-03  1.3E-02  2.5E-02
     -5.3E-03 -3.3E-03  2.6E-03  1.4E-02 -2.8E-04  1.9E-03  4.7E-03  1.2E-02  1.7E-02
      3.3E-03  1.6E-03  5.6E-04 -1.0E-02  2.1E-04  6.2E-04 -3.4E-03 -6.5E-03 -2.6E-03  1.7E-03
      9.6E-04  4.5E-04  1.1E-04 -2.9E-03  6.0E-05  1.5E-04 -9.8E-04 -1.9E-03 -8.0E-04  4.9E-04  1.4E-04
     -9.3E-07 -2.1E-06  1.0E-05 -3.0E-06 -2.3E-07  4.2E-07 -1.0E-06  3.6E-06  1.2E-05  3.9E-08 -6.3E-09  7.5E-08
     -2.4E-04 -8.0E-05 -2.3E-04  8.3E-04 -1.3E-05 -9.5E-05  2.6E-04  4.3E-04 -5.4E-06 -1.3E-04 -3.5E-05 -5.3E-07  2.1E-05
     -3.3E-03 -1.6E-03 -2.2E-04  9.8E-03 -2.1E-04 -5.6E-04  3.4E-03  6.4E-03  2.9E-03 -1.7E-03 -4.8E-04  7.5E-07  1.1E-04  1.7E-03
 The         6601  run.
 Proposal Covariance matrix for           35  ensemble run =
      6.7E-03
      3.1E-03  1.6E-03
      7.5E-04 -2.9E-04  4.0E-03
     -2.0E-02 -9.0E-03 -4.3E-03  6.1E-02
      4.3E-04  2.0E-04 -9.1E-06 -1.3E-03  3.1E-05
      1.3E-03  4.0E-04  7.4E-04 -4.5E-03  1.3E-04  1.8E-03
     -6.8E-03 -3.1E-03 -1.0E-03  2.0E-02 -4.3E-04 -1.5E-03  7.1E-03
     -1.3E-02 -6.2E-03 -7.8E-04  3.8E-02 -8.1E-04 -2.0E-03  1.3E-02  2.5E-02
     -5.4E-03 -3.3E-03  2.5E-03  1.4E-02 -2.8E-04  1.8E-03  4.8E-03  1.2E-02  1.6E-02
      3.4E-03  1.6E-03  5.8E-04 -1.0E-02  2.1E-04  6.7E-04 -3.5E-03 -6.5E-03 -2.7E-03  1.7E-03
      9.7E-04  4.6E-04  1.1E-04 -2.9E-03  6.1E-05  1.7E-04 -9.9E-04 -1.9E-03 -8.0E-04  5.0E-04  1.4E-04
     -1.7E-06 -2.4E-06  9.8E-06 -5.8E-07 -2.7E-07  8.0E-08 -3.4E-07  4.7E-06  1.2E-05 -3.6E-07 -1.1E-07  7.5E-08
     -2.5E-04 -8.5E-05 -2.3E-04  8.6E-04 -1.4E-05 -9.8E-05  2.7E-04  4.4E-04  4.3E-06 -1.4E-04 -3.6E-05 -4.7E-07  2.1E-05
     -3.4E-03 -1.6E-03 -2.5E-04  9.9E-03 -2.1E-04 -6.1E-04  3.4E-03  6.5E-03  2.9E-03 -1.7E-03 -4.9E-04  1.1E-06  1.2E-04  1.7E-03
 The         6801  run.
 Proposal Covariance matrix for           36  ensemble run =
      6.8E-03
      3.2E-03  1.6E-03
      7.9E-04 -2.5E-04  3.9E-03
     -2.0E-02 -9.2E-03 -4.3E-03  6.2E-02
      4.3E-04  2.1E-04 -5.2E-06 -1.3E-03  3.2E-05
      1.4E-03  4.4E-04  7.4E-04 -4.7E-03  1.4E-04  1.8E-03
     -6.8E-03 -3.2E-03 -1.0E-03  2.1E-02 -4.3E-04 -1.5E-03  7.1E-03
     -1.3E-02 -6.2E-03 -8.5E-04  3.8E-02 -8.2E-04 -2.2E-03  1.3E-02  2.5E-02
     -5.4E-03 -3.3E-03  2.4E-03  1.4E-02 -2.8E-04  1.7E-03  4.8E-03  1.2E-02  1.6E-02
      3.5E-03  1.6E-03  5.9E-04 -1.0E-02  2.2E-04  7.1E-04 -3.5E-03 -6.6E-03 -2.7E-03  1.8E-03
      9.8E-04  4.6E-04  1.2E-04 -2.9E-03  6.2E-05  1.8E-04 -9.9E-04 -1.9E-03 -8.0E-04  5.0E-04  1.4E-04
     -2.7E-06 -2.8E-06  9.4E-06  2.7E-06 -3.3E-07 -3.5E-07  5.8E-07  6.3E-06  1.2E-05 -8.9E-07 -2.4E-07  7.7E-08
     -2.6E-04 -8.8E-05 -2.2E-04  8.7E-04 -1.4E-05 -1.0E-04  2.7E-04  4.5E-04  1.2E-05 -1.4E-04 -3.7E-05 -4.1E-07  2.1E-05
     -3.4E-03 -1.6E-03 -2.7E-04  1.0E-02 -2.2E-04 -6.5E-04  3.4E-03  6.5E-03  2.9E-03 -1.7E-03 -4.9E-04  1.6E-06  1.2E-04  1.7E-03
 The         7001  run.
 Proposal Covariance matrix for           37  ensemble run =
      6.9E-03
      3.2E-03  1.6E-03
      8.2E-04 -2.2E-04  3.8E-03
     -2.1E-02 -9.3E-03 -4.3E-03  6.2E-02
      4.4E-04  2.1E-04 -2.1E-06 -1.3E-03  3.2E-05
      1.5E-03  4.7E-04  7.4E-04 -4.9E-03  1.4E-04  1.8E-03
     -6.9E-03 -3.2E-03 -1.1E-03  2.1E-02 -4.4E-04 -1.6E-03  7.1E-03
     -1.3E-02 -6.3E-03 -9.1E-04  3.8E-02 -8.2E-04 -2.3E-03  1.3E-02  2.5E-02
     -5.4E-03 -3.2E-03  2.3E-03  1.4E-02 -2.8E-04  1.6E-03  4.7E-03  1.2E-02  1.6E-02
      3.5E-03  1.6E-03  6.0E-04 -1.1E-02  2.2E-04  7.4E-04 -3.5E-03 -6.6E-03 -2.7E-03  1.8E-03
      9.9E-04  4.7E-04  1.2E-04 -3.0E-03  6.2E-05  1.9E-04 -9.9E-04 -1.9E-03 -8.0E-04  5.1E-04  1.4E-04
     -3.7E-06 -3.2E-06  8.9E-06  5.8E-06 -3.8E-07 -7.5E-07  1.5E-06  7.8E-06  1.3E-05 -1.4E-06 -3.7E-07  7.9E-08
     -2.7E-04 -9.2E-05 -2.2E-04  8.9E-04 -1.5E-05 -1.0E-04  2.8E-04  4.6E-04  1.8E-05 -1.4E-04 -3.8E-05 -3.5E-07  2.1E-05
     -3.4E-03 -1.6E-03 -2.8E-04  1.0E-02 -2.2E-04 -6.8E-04  3.4E-03  6.6E-03  2.9E-03 -1.7E-03 -5.0E-04  2.0E-06  1.2E-04  1.7E-03
 The         7201  run.
 Proposal Covariance matrix for           38  ensemble run =
      7.0E-03
      3.3E-03  1.6E-03
      8.6E-04 -1.9E-04  3.8E-03
     -2.1E-02 -9.4E-03 -4.4E-03  6.3E-02
      4.4E-04  2.1E-04  1.6E-06 -1.3E-03  3.2E-05
      1.5E-03  5.1E-04  7.4E-04 -5.1E-03  1.4E-04  1.8E-03
     -6.9E-03 -3.2E-03 -1.1E-03  2.1E-02 -4.4E-04 -1.6E-03  7.1E-03
     -1.3E-02 -6.3E-03 -9.9E-04  3.9E-02 -8.2E-04 -2.4E-03  1.3E-02  2.5E-02
     -5.4E-03 -3.2E-03  2.2E-03  1.4E-02 -2.9E-04  1.4E-03  4.8E-03  1.2E-02  1.5E-02
      3.6E-03  1.6E-03  6.2E-04 -1.1E-02  2.2E-04  7.8E-04 -3.5E-03 -6.7E-03 -2.7E-03  1.8E-03
      1.0E-03  4.7E-04  1.3E-04 -3.0E-03  6.2E-05  1.9E-04 -9.9E-04 -1.9E-03 -8.0E-04  5.1E-04  1.5E-04
     -4.6E-06 -3.5E-06  8.4E-06  8.6E-06 -4.3E-07 -1.1E-06  2.3E-06  9.2E-06  1.3E-05 -1.9E-06 -4.8E-07  8.0E-08
     -2.7E-04 -9.6E-05 -2.2E-04  9.1E-04 -1.5E-05 -1.1E-04  2.8E-04  4.7E-04  2.6E-05 -1.5E-04 -3.8E-05 -2.9E-07  2.1E-05
     -3.5E-03 -1.7E-03 -3.1E-04  1.0E-02 -2.2E-04 -7.1E-04  3.5E-03  6.6E-03  2.9E-03 -1.8E-03 -5.0E-04  2.5E-06  1.3E-04  1.7E-03
 The         7401  run.
 Proposal Covariance matrix for           39  ensemble run =
      7.1E-03
      3.3E-03  1.7E-03
      8.9E-04 -1.6E-04  3.7E-03
     -2.1E-02 -9.5E-03 -4.5E-03  6.4E-02
      4.4E-04  2.1E-04  4.4E-06 -1.3E-03  3.2E-05
      1.6E-03  5.5E-04  7.5E-04 -5.3E-03  1.5E-04  1.8E-03
     -7.0E-03 -3.2E-03 -1.1E-03  2.1E-02 -4.4E-04 -1.7E-03  7.1E-03
     -1.3E-02 -6.3E-03 -1.0E-03  3.9E-02 -8.2E-04 -2.5E-03  1.3E-02  2.5E-02
     -5.4E-03 -3.2E-03  2.1E-03  1.4E-02 -2.9E-04  1.3E-03  4.7E-03  1.2E-02  1.5E-02
      3.6E-03  1.7E-03  6.3E-04 -1.1E-02  2.2E-04  8.2E-04 -3.6E-03 -6.7E-03 -2.7E-03  1.8E-03
      1.0E-03  4.7E-04  1.3E-04 -3.0E-03  6.3E-05  2.0E-04 -9.9E-04 -1.9E-03 -7.9E-04  5.1E-04  1.5E-04
     -5.6E-06 -3.9E-06  8.0E-06  1.1E-05 -4.8E-07 -1.6E-06  3.1E-06  1.1E-05  1.3E-05 -2.4E-06 -6.0E-07  8.2E-08
     -2.8E-04 -9.9E-05 -2.1E-04  9.2E-04 -1.5E-05 -1.1E-04  2.8E-04  4.7E-04  3.2E-05 -1.5E-04 -3.9E-05 -2.3E-07  2.1E-05
     -3.5E-03 -1.7E-03 -3.3E-04  1.0E-02 -2.2E-04 -7.6E-04  3.5E-03  6.6E-03  2.9E-03 -1.8E-03 -5.0E-04  2.9E-06  1.3E-04  1.8E-03
 The         7601  run.
 Proposal Covariance matrix for           40  ensemble run =
      7.2E-03
      3.3E-03  1.7E-03
      9.2E-04 -1.3E-04  3.6E-03
     -2.1E-02 -9.6E-03 -4.5E-03  6.4E-02
      4.5E-04  2.1E-04  6.9E-06 -1.3E-03  3.1E-05
      1.7E-03  5.8E-04  7.5E-04 -5.5E-03  1.5E-04  1.8E-03
     -7.0E-03 -3.2E-03 -1.1E-03  2.1E-02 -4.4E-04 -1.7E-03  7.1E-03
     -1.3E-02 -6.3E-03 -1.1E-03  3.9E-02 -8.2E-04 -2.6E-03  1.3E-02  2.5E-02
     -5.4E-03 -3.2E-03  2.0E-03  1.4E-02 -2.8E-04  1.3E-03  4.7E-03  1.1E-02  1.5E-02
      3.6E-03  1.7E-03  6.4E-04 -1.1E-02  2.2E-04  8.5E-04 -3.6E-03 -6.7E-03 -2.7E-03  1.9E-03
      1.0E-03  4.7E-04  1.3E-04 -3.0E-03  6.2E-05  2.1E-04 -9.9E-04 -1.9E-03 -7.9E-04  5.1E-04  1.4E-04
     -6.7E-06 -4.4E-06  7.5E-06  1.5E-05 -5.2E-07 -2.0E-06  3.9E-06  1.2E-05  1.3E-05 -2.9E-06 -7.3E-07  8.6E-08
     -2.8E-04 -1.0E-04 -2.1E-04  9.3E-04 -1.6E-05 -1.1E-04  2.8E-04  4.8E-04  3.7E-05 -1.5E-04 -3.9E-05 -1.7E-07  2.1E-05
     -3.6E-03 -1.7E-03 -3.4E-04  1.0E-02 -2.2E-04 -7.8E-04  3.5E-03  6.6E-03  2.9E-03 -1.8E-03 -5.0E-04  3.4E-06  1.3E-04  1.8E-03
 The         7801  run.
 Proposal Covariance matrix for           41  ensemble run =
      7.2E-03
      3.4E-03  1.7E-03
      9.6E-04 -1.0E-04  3.5E-03
     -2.1E-02 -9.7E-03 -4.5E-03  6.5E-02
      4.5E-04  2.1E-04  9.2E-06 -1.3E-03  3.1E-05
      1.7E-03  5.9E-04  7.4E-04 -5.5E-03  1.5E-04  1.7E-03
     -7.0E-03 -3.2E-03 -1.1E-03  2.1E-02 -4.3E-04 -1.7E-03  7.0E-03
     -1.3E-02 -6.3E-03 -1.2E-03  3.9E-02 -8.2E-04 -2.6E-03  1.3E-02  2.5E-02
     -5.4E-03 -3.2E-03  2.0E-03  1.4E-02 -2.8E-04  1.2E-03  4.7E-03  1.1E-02  1.4E-02
      3.7E-03  1.7E-03  6.5E-04 -1.1E-02  2.2E-04  8.6E-04 -3.6E-03 -6.7E-03 -2.7E-03  1.9E-03
      1.0E-03  4.7E-04  1.3E-04 -3.0E-03  6.2E-05  2.1E-04 -9.9E-04 -1.9E-03 -7.8E-04  5.2E-04  1.4E-04
     -7.7E-06 -4.8E-06  7.1E-06  1.7E-05 -5.6E-07 -2.2E-06  4.7E-06  1.4E-05  1.4E-05 -3.4E-06 -8.5E-07  8.9E-08
     -2.8E-04 -1.0E-04 -2.1E-04  9.3E-04 -1.6E-05 -1.1E-04  2.8E-04  4.8E-04  4.1E-05 -1.5E-04 -3.9E-05 -1.3E-07  2.1E-05
     -3.6E-03 -1.7E-03 -3.6E-04  1.1E-02 -2.2E-04 -7.9E-04  3.5E-03  6.6E-03  2.8E-03 -1.8E-03 -5.0E-04  3.9E-06  1.3E-04  1.8E-03
 The         8001  run.
 Proposal Covariance matrix for           42  ensemble run =
      7.3E-03
      3.4E-03  1.7E-03
      9.9E-04 -7.5E-05  3.4E-03
     -2.2E-02 -9.8E-03 -4.6E-03  6.5E-02
      4.4E-04  2.1E-04  1.1E-05 -1.3E-03  3.1E-05
      1.7E-03  6.0E-04  7.3E-04 -5.5E-03  1.4E-04  1.7E-03
     -7.0E-03 -3.2E-03 -1.1E-03  2.1E-02 -4.3E-04 -1.7E-03  7.0E-03
     -1.3E-02 -6.3E-03 -1.2E-03  3.9E-02 -8.1E-04 -2.6E-03  1.3E-02  2.5E-02
     -5.4E-03 -3.1E-03  1.9E-03  1.4E-02 -2.8E-04  1.1E-03  4.7E-03  1.1E-02  1.4E-02
      3.7E-03  1.7E-03  6.6E-04 -1.1E-02  2.2E-04  8.6E-04 -3.6E-03 -6.7E-03 -2.7E-03  1.9E-03
      1.0E-03  4.8E-04  1.4E-04 -3.0E-03  6.2E-05  2.1E-04 -9.9E-04 -1.9E-03 -7.8E-04  5.2E-04  1.5E-04
     -8.5E-06 -5.1E-06  6.7E-06  2.0E-05 -5.9E-07 -2.4E-06  5.5E-06  1.5E-05  1.4E-05 -3.9E-06 -9.6E-07  9.2E-08
     -2.9E-04 -1.0E-04 -2.1E-04  9.3E-04 -1.6E-05 -1.1E-04  2.8E-04  4.8E-04  4.4E-05 -1.5E-04 -4.0E-05 -8.2E-08  2.1E-05
     -3.6E-03 -1.7E-03 -3.8E-04  1.1E-02 -2.2E-04 -7.9E-04  3.5E-03  6.6E-03  2.8E-03 -1.8E-03 -5.1E-04  4.3E-06  1.3E-04  1.8E-03
 The         8201  run.
 Proposal Covariance matrix for           43  ensemble run =
      7.4E-03
      3.4E-03  1.7E-03
      1.0E-03 -4.0E-05  3.4E-03
     -2.2E-02 -9.8E-03 -4.7E-03  6.5E-02
      4.4E-04  2.1E-04  1.4E-05 -1.3E-03  3.0E-05
      1.7E-03  6.1E-04  7.3E-04 -5.5E-03  1.4E-04  1.7E-03
     -7.0E-03 -3.2E-03 -1.2E-03  2.1E-02 -4.3E-04 -1.7E-03  7.0E-03
     -1.3E-02 -6.3E-03 -1.3E-03  3.9E-02 -8.0E-04 -2.6E-03  1.3E-02  2.5E-02
     -5.4E-03 -3.1E-03  1.8E-03  1.4E-02 -2.8E-04  1.1E-03  4.7E-03  1.1E-02  1.4E-02
      3.7E-03  1.7E-03  6.8E-04 -1.1E-02  2.2E-04  8.7E-04 -3.6E-03 -6.7E-03 -2.7E-03  1.9E-03
      1.0E-03  4.8E-04  1.4E-04 -3.0E-03  6.2E-05  2.1E-04 -9.9E-04 -1.9E-03 -7.8E-04  5.2E-04  1.5E-04
     -9.5E-06 -5.5E-06  6.2E-06  2.3E-05 -6.2E-07 -2.6E-06  6.1E-06  1.6E-05  1.4E-05 -4.4E-06 -1.1E-06  9.5E-08
     -2.9E-04 -1.1E-04 -2.0E-04  9.4E-04 -1.6E-05 -1.1E-04  2.8E-04  4.8E-04  4.9E-05 -1.5E-04 -4.0E-05 -3.0E-08  2.1E-05
     -3.6E-03 -1.7E-03 -4.0E-04  1.1E-02 -2.2E-04 -8.0E-04  3.5E-03  6.6E-03  2.8E-03 -1.8E-03 -5.1E-04  4.7E-06  1.4E-04  1.8E-03
 The         8401  run.
 Proposal Covariance matrix for           44  ensemble run =
      7.4E-03
      3.4E-03  1.7E-03
      1.1E-03 -5.0E-06  3.3E-03
     -2.2E-02 -9.9E-03 -4.8E-03  6.6E-02
      4.4E-04  2.1E-04  1.6E-05 -1.3E-03  3.0E-05
      1.8E-03  6.3E-04  7.4E-04 -5.6E-03  1.4E-04  1.7E-03
     -7.0E-03 -3.2E-03 -1.2E-03  2.1E-02 -4.2E-04 -1.7E-03  6.9E-03
     -1.3E-02 -6.3E-03 -1.3E-03  3.9E-02 -8.0E-04 -2.7E-03  1.3E-02  2.5E-02
     -5.4E-03 -3.1E-03  1.7E-03  1.4E-02 -2.8E-04  1.0E-03  4.7E-03  1.1E-02  1.4E-02
      3.8E-03  1.7E-03  7.1E-04 -1.1E-02  2.2E-04  8.9E-04 -3.6E-03 -6.7E-03 -2.7E-03  1.9E-03
      1.0E-03  4.8E-04  1.5E-04 -3.0E-03  6.1E-05  2.2E-04 -9.8E-04 -1.9E-03 -7.8E-04  5.2E-04  1.4E-04
     -1.0E-05 -5.9E-06  5.6E-06  2.6E-05 -6.5E-07 -2.9E-06  6.8E-06  1.7E-05  1.5E-05 -4.8E-06 -1.2E-06  9.9E-08
     -2.9E-04 -1.1E-04 -2.0E-04  9.5E-04 -1.6E-05 -1.1E-04  2.8E-04  4.9E-04  5.4E-05 -1.6E-04 -4.0E-05  2.1E-08  2.1E-05
     -3.7E-03 -1.7E-03 -4.3E-04  1.1E-02 -2.2E-04 -8.2E-04  3.5E-03  6.6E-03  2.8E-03 -1.9E-03 -5.1E-04  5.2E-06  1.4E-04  1.8E-03
 The         8601  run.
 Proposal Covariance matrix for           45  ensemble run =
      7.5E-03
      3.5E-03  1.7E-03
      1.2E-03  3.1E-05  3.3E-03
     -2.2E-02 -1.0E-02 -4.9E-03  6.6E-02
      4.4E-04  2.1E-04  1.9E-05 -1.3E-03  3.0E-05
      1.8E-03  6.6E-04  7.7E-04 -5.8E-03  1.4E-04  1.7E-03
     -7.0E-03 -3.2E-03 -1.2E-03  2.1E-02 -4.2E-04 -1.8E-03  6.9E-03
     -1.3E-02 -6.3E-03 -1.4E-03  3.9E-02 -7.9E-04 -2.8E-03  1.3E-02  2.4E-02
     -5.4E-03 -3.1E-03  1.6E-03  1.4E-02 -2.8E-04  9.3E-04  4.6E-03  1.1E-02  1.3E-02
      3.8E-03  1.7E-03  7.3E-04 -1.1E-02  2.2E-04  9.2E-04 -3.6E-03 -6.7E-03 -2.7E-03  1.9E-03
      1.0E-03  4.8E-04  1.6E-04 -3.1E-03  6.1E-05  2.3E-04 -9.8E-04 -1.9E-03 -7.7E-04  5.2E-04  1.4E-04
     -1.2E-05 -6.3E-06  5.0E-06  2.9E-05 -6.9E-07 -3.5E-06  7.5E-06  1.8E-05  1.5E-05 -5.4E-06 -1.3E-06  1.0E-07
     -3.0E-04 -1.1E-04 -2.0E-04  9.6E-04 -1.6E-05 -1.1E-04  2.9E-04  4.9E-04  5.9E-05 -1.6E-04 -4.0E-05  7.9E-08  2.1E-05
     -3.7E-03 -1.7E-03 -4.6E-04  1.1E-02 -2.2E-04 -8.5E-04  3.5E-03  6.6E-03  2.8E-03 -1.9E-03 -5.1E-04  5.7E-06  1.4E-04  1.8E-03
 The         8801  run.
 Proposal Covariance matrix for           46  ensemble run =
      7.6E-03
      3.5E-03  1.7E-03
      1.2E-03  7.2E-05  3.2E-03
     -2.2E-02 -1.0E-02 -5.1E-03  6.7E-02
      4.4E-04  2.1E-04  2.2E-05 -1.3E-03  2.9E-05
      1.9E-03  7.0E-04  7.9E-04 -6.0E-03  1.4E-04  1.7E-03
     -7.0E-03 -3.2E-03 -1.3E-03  2.1E-02 -4.2E-04 -1.8E-03  6.8E-03
     -1.3E-02 -6.3E-03 -1.5E-03  3.9E-02 -7.8E-04 -2.8E-03  1.3E-02  2.4E-02
     -5.4E-03 -3.1E-03  1.5E-03  1.4E-02 -2.8E-04  8.5E-04  4.6E-03  1.1E-02  1.3E-02
      3.8E-03  1.8E-03  7.6E-04 -1.1E-02  2.2E-04  9.6E-04 -3.6E-03 -6.8E-03 -2.7E-03  2.0E-03
      1.0E-03  4.8E-04  1.6E-04 -3.1E-03  6.1E-05  2.3E-04 -9.7E-04 -1.9E-03 -7.7E-04  5.3E-04  1.4E-04
     -1.3E-05 -6.8E-06  4.3E-06  3.3E-05 -7.2E-07 -4.1E-06  8.2E-06  2.0E-05  1.5E-05 -6.0E-06 -1.4E-06  1.1E-07
     -3.0E-04 -1.1E-04 -2.0E-04  9.7E-04 -1.6E-05 -1.1E-04  2.9E-04  4.9E-04  6.4E-05 -1.6E-04 -4.1E-05  1.4E-07  2.1E-05
     -3.7E-03 -1.7E-03 -5.0E-04  1.1E-02 -2.2E-04 -8.9E-04  3.5E-03  6.6E-03  2.8E-03 -1.9E-03 -5.1E-04  6.2E-06  1.4E-04  1.8E-03
 The         9001  run.
 Proposal Covariance matrix for           47  ensemble run =
      7.6E-03
      3.5E-03  1.7E-03
      1.3E-03  1.1E-04  3.2E-03
     -2.2E-02 -1.0E-02 -5.3E-03  6.7E-02
      4.4E-04  2.0E-04  2.4E-05 -1.3E-03  2.9E-05
      2.0E-03  7.2E-04  8.2E-04 -6.2E-03  1.4E-04  1.7E-03
     -7.0E-03 -3.2E-03 -1.3E-03  2.1E-02 -4.1E-04 -1.8E-03  6.7E-03
     -1.3E-02 -6.3E-03 -1.6E-03  3.9E-02 -7.7E-04 -2.9E-03  1.2E-02  2.4E-02
     -5.4E-03 -3.1E-03  1.4E-03  1.4E-02 -2.7E-04  7.6E-04  4.6E-03  1.1E-02  1.3E-02
      3.9E-03  1.8E-03  7.9E-04 -1.1E-02  2.2E-04  9.9E-04 -3.6E-03 -6.7E-03 -2.7E-03  2.0E-03
      1.0E-03  4.8E-04  1.7E-04 -3.1E-03  6.0E-05  2.4E-04 -9.7E-04 -1.8E-03 -7.7E-04  5.3E-04  1.4E-04
     -1.4E-05 -7.2E-06  3.7E-06  3.6E-05 -7.5E-07 -4.6E-06  8.9E-06  2.1E-05  1.6E-05 -6.5E-06 -1.6E-06  1.2E-07
     -3.0E-04 -1.1E-04 -2.0E-04  9.8E-04 -1.6E-05 -1.2E-04  2.9E-04  4.9E-04  6.9E-05 -1.6E-04 -4.1E-05  2.0E-07  2.1E-05
     -3.7E-03 -1.7E-03 -5.3E-04  1.1E-02 -2.2E-04 -9.1E-04  3.4E-03  6.6E-03  2.8E-03 -1.9E-03 -5.1E-04  6.7E-06  1.4E-04  1.8E-03
 The         9201  run.
 Proposal Covariance matrix for           48  ensemble run =
      7.7E-03
      3.5E-03  1.7E-03
      1.3E-03  1.3E-04  3.2E-03
     -2.3E-02 -1.0E-02 -5.3E-03  6.8E-02
      4.3E-04  2.0E-04  2.6E-05 -1.3E-03  2.9E-05
      2.0E-03  7.6E-04  8.3E-04 -6.4E-03  1.5E-04  1.7E-03
     -7.0E-03 -3.2E-03 -1.3E-03  2.1E-02 -4.1E-04 -1.9E-03  6.7E-03
     -1.3E-02 -6.3E-03 -1.6E-03  3.9E-02 -7.7E-04 -3.0E-03  1.2E-02  2.4E-02
     -5.4E-03 -3.1E-03  1.4E-03  1.4E-02 -2.7E-04  7.0E-04  4.6E-03  1.1E-02  1.3E-02
      3.9E-03  1.8E-03  8.1E-04 -1.2E-02  2.2E-04  1.0E-03 -3.5E-03 -6.7E-03 -2.7E-03  2.0E-03
      1.0E-03  4.8E-04  1.7E-04 -3.1E-03  5.9E-05  2.5E-04 -9.6E-04 -1.8E-03 -7.6E-04  5.3E-04  1.4E-04
     -1.5E-05 -7.8E-06  3.2E-06  3.9E-05 -7.9E-07 -5.3E-06  9.7E-06  2.3E-05  1.6E-05 -7.1E-06 -1.7E-06  1.2E-07
     -3.1E-04 -1.2E-04 -2.0E-04  9.8E-04 -1.6E-05 -1.2E-04  2.9E-04  4.9E-04  7.1E-05 -1.6E-04 -4.1E-05  2.6E-07  2.1E-05
     -3.8E-03 -1.8E-03 -5.5E-04  1.1E-02 -2.1E-04 -9.5E-04  3.4E-03  6.6E-03  2.8E-03 -1.9E-03 -5.1E-04  7.3E-06  1.4E-04  1.9E-03
 The         9401  run.
 Proposal Covariance matrix for           49  ensemble run =
      7.7E-03
      3.5E-03  1.7E-03
      1.3E-03  1.6E-04  3.1E-03
     -2.3E-02 -1.0E-02 -5.4E-03  6.8E-02
      4.3E-04  2.0E-04  2.8E-05 -1.3E-03  2.8E-05
      2.1E-03  7.8E-04  8.4E-04 -6.5E-03  1.5E-04  1.7E-03
     -7.0E-03 -3.2E-03 -1.3E-03  2.1E-02 -4.0E-04 -1.9E-03  6.6E-03
     -1.3E-02 -6.3E-03 -1.7E-03  3.9E-02 -7.6E-04 -3.0E-03  1.2E-02  2.4E-02
     -5.4E-03 -3.0E-03  1.3E-03  1.4E-02 -2.7E-04  6.4E-04  4.5E-03  1.1E-02  1.2E-02
      3.9E-03  1.8E-03  8.2E-04 -1.2E-02  2.2E-04  1.0E-03 -3.5E-03 -6.7E-03 -2.7E-03  2.0E-03
      1.0E-03  4.8E-04  1.8E-04 -3.1E-03  5.9E-05  2.5E-04 -9.5E-04 -1.8E-03 -7.6E-04  5.3E-04  1.4E-04
     -1.6E-05 -8.2E-06  2.7E-06  4.2E-05 -8.2E-07 -5.8E-06  1.0E-05  2.4E-05  1.7E-05 -7.7E-06 -1.8E-06  1.3E-07
     -3.1E-04 -1.2E-04 -2.0E-04  9.8E-04 -1.6E-05 -1.2E-04  2.9E-04  5.0E-04  7.4E-05 -1.6E-04 -4.1E-05  3.1E-07  2.1E-05
     -3.8E-03 -1.8E-03 -5.6E-04  1.1E-02 -2.1E-04 -9.7E-04  3.4E-03  6.6E-03  2.8E-03 -1.9E-03 -5.1E-04  7.8E-06  1.5E-04  1.9E-03
 The         9601  run.
 Proposal Covariance matrix for           50  ensemble run =
      7.7E-03
      3.6E-03  1.7E-03
      1.4E-03  1.9E-04  3.1E-03
     -2.3E-02 -1.0E-02 -5.5E-03  6.8E-02
      4.3E-04  2.0E-04  3.0E-05 -1.3E-03  2.8E-05
      2.1E-03  8.1E-04  8.6E-04 -6.6E-03  1.5E-04  1.8E-03
     -6.9E-03 -3.2E-03 -1.3E-03  2.1E-02 -4.0E-04 -1.9E-03  6.6E-03
     -1.3E-02 -6.2E-03 -1.7E-03  3.9E-02 -7.6E-04 -3.1E-03  1.2E-02  2.4E-02
     -5.4E-03 -3.0E-03  1.3E-03  1.4E-02 -2.7E-04  5.8E-04  4.5E-03  1.1E-02  1.2E-02
      3.9E-03  1.8E-03  8.4E-04 -1.2E-02  2.2E-04  1.1E-03 -3.5E-03 -6.7E-03 -2.7E-03  2.0E-03
      1.0E-03  4.8E-04  1.8E-04 -3.1E-03  5.9E-05  2.6E-04 -9.5E-04 -1.8E-03 -7.5E-04  5.3E-04  1.4E-04
     -1.7E-05 -8.7E-06  2.1E-06  4.6E-05 -8.6E-07 -6.4E-06  1.1E-05  2.5E-05  1.7E-05 -8.3E-06 -1.9E-06  1.4E-07
     -3.1E-04 -1.2E-04 -2.0E-04  9.9E-04 -1.6E-05 -1.2E-04  2.8E-04  5.0E-04  7.7E-05 -1.6E-04 -4.1E-05  3.7E-07  2.1E-05
     -3.8E-03 -1.8E-03 -5.9E-04  1.1E-02 -2.1E-04 -1.0E-03  3.4E-03  6.6E-03  2.8E-03 -1.9E-03 -5.1E-04  8.3E-06  1.5E-04  1.9E-03
 The         9801  run.
 Proposal Covariance matrix for           51  ensemble run =
      7.8E-03
      3.6E-03  1.7E-03
      1.5E-03  2.2E-04  3.1E-03
     -2.3E-02 -1.0E-02 -5.6E-03  6.8E-02
      4.3E-04  2.0E-04  3.2E-05 -1.3E-03  2.8E-05
      2.2E-03  8.3E-04  8.8E-04 -6.7E-03  1.5E-04  1.7E-03
     -6.9E-03 -3.2E-03 -1.4E-03  2.1E-02 -4.0E-04 -1.9E-03  6.5E-03
     -1.3E-02 -6.2E-03 -1.8E-03  3.9E-02 -7.5E-04 -3.1E-03  1.2E-02  2.3E-02
     -5.4E-03 -3.0E-03  1.2E-03  1.4E-02 -2.7E-04  5.3E-04  4.5E-03  1.1E-02  1.2E-02
      3.9E-03  1.8E-03  8.7E-04 -1.2E-02  2.1E-04  1.1E-03 -3.5E-03 -6.7E-03 -2.7E-03  2.0E-03
      1.0E-03  4.8E-04  1.9E-04 -3.1E-03  5.8E-05  2.6E-04 -9.4E-04 -1.8E-03 -7.5E-04  5.3E-04  1.4E-04
     -1.8E-05 -9.0E-06  1.5E-06  4.8E-05 -8.8E-07 -6.7E-06  1.2E-05  2.6E-05  1.7E-05 -8.7E-06 -2.0E-06  1.4E-07
     -3.1E-04 -1.2E-04 -2.0E-04  1.0E-03 -1.6E-05 -1.2E-04  2.8E-04  5.0E-04  8.1E-05 -1.7E-04 -4.1E-05  4.2E-07  2.1E-05
     -3.8E-03 -1.8E-03 -6.2E-04  1.1E-02 -2.1E-04 -1.0E-03  3.4E-03  6.5E-03  2.8E-03 -1.9E-03 -5.1E-04  8.7E-06  1.5E-04  1.9E-03
 The        10001  run.
 Proposal Covariance matrix for           52  ensemble run =
      7.8E-03
      3.6E-03  1.7E-03
      1.5E-03  2.4E-04  3.0E-03
     -2.3E-02 -1.0E-02 -5.7E-03  6.8E-02
      4.3E-04  2.0E-04  3.3E-05 -1.2E-03  2.7E-05
      2.2E-03  8.4E-04  8.8E-04 -6.7E-03  1.4E-04  1.7E-03
     -6.9E-03 -3.1E-03 -1.4E-03  2.0E-02 -3.9E-04 -1.9E-03  6.5E-03
     -1.3E-02 -6.2E-03 -1.9E-03  3.9E-02 -7.4E-04 -3.1E-03  1.2E-02  2.3E-02
     -5.4E-03 -3.0E-03  1.1E-03  1.4E-02 -2.6E-04  4.9E-04  4.4E-03  1.0E-02  1.2E-02
      3.9E-03  1.8E-03  8.8E-04 -1.2E-02  2.1E-04  1.1E-03 -3.5E-03 -6.7E-03 -2.7E-03  2.0E-03
      1.0E-03  4.8E-04  1.9E-04 -3.1E-03  5.7E-05  2.6E-04 -9.4E-04 -1.8E-03 -7.4E-04  5.3E-04  1.4E-04
     -1.9E-05 -9.3E-06  1.2E-06  5.0E-05 -8.9E-07 -6.9E-06  1.2E-05  2.7E-05  1.7E-05 -9.0E-06 -2.1E-06  1.5E-07
     -3.1E-04 -1.2E-04 -2.0E-04  1.0E-03 -1.6E-05 -1.2E-04  2.8E-04  5.0E-04  8.2E-05 -1.7E-04 -4.1E-05  4.5E-07  2.1E-05
     -3.8E-03 -1.8E-03 -6.3E-04  1.1E-02 -2.1E-04 -1.0E-03  3.4E-03  6.5E-03  2.8E-03 -1.9E-03 -5.1E-04  9.0E-06  1.5E-04  1.9E-03
 The        10201  run.
 Proposal Covariance matrix for           53  ensemble run =
      7.8E-03
      3.6E-03  1.7E-03
      1.5E-03  2.7E-04  3.0E-03
     -2.3E-02 -1.0E-02 -5.8E-03  6.9E-02
      4.2E-04  2.0E-04  3.4E-05 -1.2E-03  2.7E-05
      2.2E-03  8.5E-04  8.9E-04 -6.8E-03  1.4E-04  1.7E-03
     -6.9E-03 -3.1E-03 -1.4E-03  2.0E-02 -3.9E-04 -1.9E-03  6.4E-03
     -1.3E-02 -6.2E-03 -1.9E-03  3.8E-02 -7.3E-04 -3.2E-03  1.2E-02  2.3E-02
     -5.3E-03 -3.0E-03  1.1E-03  1.4E-02 -2.6E-04  4.6E-04  4.4E-03  1.0E-02  1.2E-02
      4.0E-03  1.8E-03  9.0E-04 -1.2E-02  2.1E-04  1.1E-03 -3.5E-03 -6.7E-03 -2.7E-03  2.0E-03
      1.0E-03  4.8E-04  1.9E-04 -3.1E-03  5.7E-05  2.6E-04 -9.3E-04 -1.8E-03 -7.4E-04  5.3E-04  1.4E-04
     -2.0E-05 -9.8E-06  6.7E-07  5.3E-05 -9.0E-07 -7.3E-06  1.3E-05  2.8E-05  1.8E-05 -9.6E-06 -2.2E-06  1.5E-07
     -3.2E-04 -1.2E-04 -1.9E-04  1.0E-03 -1.5E-05 -1.2E-04  2.8E-04  4.9E-04  8.3E-05 -1.7E-04 -4.1E-05  4.9E-07  2.0E-05
     -3.8E-03 -1.8E-03 -6.5E-04  1.1E-02 -2.1E-04 -1.0E-03  3.4E-03  6.5E-03  2.8E-03 -1.9E-03 -5.1E-04  9.5E-06  1.5E-04  1.9E-03
 The        10401  run.
 Proposal Covariance matrix for           54  ensemble run =
      7.9E-03
      3.6E-03  1.7E-03
      1.6E-03  3.1E-04  3.0E-03
     -2.3E-02 -1.0E-02 -6.0E-03  6.9E-02
      4.2E-04  1.9E-04  3.5E-05 -1.2E-03  2.6E-05
      2.3E-03  8.8E-04  9.2E-04 -6.9E-03  1.4E-04  1.7E-03
     -6.9E-03 -3.1E-03 -1.4E-03  2.0E-02 -3.8E-04 -1.9E-03  6.3E-03
     -1.3E-02 -6.1E-03 -2.0E-03  3.8E-02 -7.2E-04 -3.2E-03  1.2E-02  2.3E-02
     -5.3E-03 -2.9E-03  1.0E-03  1.4E-02 -2.6E-04  4.1E-04  4.4E-03  1.0E-02  1.1E-02
      4.0E-03  1.8E-03  9.4E-04 -1.2E-02  2.1E-04  1.1E-03 -3.5E-03 -6.6E-03 -2.7E-03  2.0E-03
      1.0E-03  4.8E-04  2.0E-04 -3.1E-03  5.6E-05  2.7E-04 -9.2E-04 -1.8E-03 -7.3E-04  5.3E-04  1.4E-04
     -2.1E-05 -1.0E-05 -2.3E-07  5.7E-05 -9.1E-07 -7.9E-06  1.3E-05  2.9E-05  1.8E-05 -1.0E-05 -2.3E-06  1.7E-07
     -3.2E-04 -1.2E-04 -2.0E-04  1.0E-03 -1.5E-05 -1.2E-04  2.8E-04  4.9E-04  8.5E-05 -1.7E-04 -4.1E-05  5.6E-07  2.0E-05
     -3.9E-03 -1.8E-03 -6.9E-04  1.1E-02 -2.1E-04 -1.1E-03  3.4E-03  6.5E-03  2.7E-03 -2.0E-03 -5.1E-04  1.0E-05  1.5E-04  1.9E-03
 The        10601  run.
